[26-Mar-2026 13:02:03 UTC] Current rewrite rules:
[26-Mar-2026 13:02:03 UTC] Array
(
    [^wp-json/?$] => index.php?rest_route=/
    [^wp-json/(.*)?] => index.php?rest_route=/$matches[1]
    [^index.php/wp-json/?$] => index.php?rest_route=/
    [^index.php/wp-json/(.*)?] => index.php?rest_route=/$matches[1]
    [^wp-sitemap\.xml$] => index.php?sitemap=index
    [^wp-sitemap\.xsl$] => index.php?sitemap-stylesheet=sitemap
    [^wp-sitemap-index\.xsl$] => index.php?sitemap-stylesheet=index
    [^wp-sitemap-([a-z]+?)-([a-z\d_-]+?)-(\d+?)\.xml$] => index.php?sitemap=$matches[1]&sitemap-subtype=$matches[2]&paged=$matches[3]
    [^wp-sitemap-([a-z]+?)-(\d+?)\.xml$] => index.php?sitemap=$matches[1]&paged=$matches[2]
    [projecten/?$] => index.php?post_type=project
    [projecten/feed/(feed|rdf|rss|rss2|atom)/?$] => index.php?post_type=project&feed=$matches[1]
    [projecten/(feed|rdf|rss|rss2|atom)/?$] => index.php?post_type=project&feed=$matches[1]
    [projecten/page/([0-9]{1,})/?$] => index.php?post_type=project&paged=$matches[1]
    [category/(.+?)/feed/(feed|rdf|rss|rss2|atom)/?$] => index.php?category_name=$matches[1]&feed=$matches[2]
    [category/(.+?)/(feed|rdf|rss|rss2|atom)/?$] => index.php?category_name=$matches[1]&feed=$matches[2]
    [category/(.+?)/embed/?$] => index.php?category_name=$matches[1]&embed=true
    [category/(.+?)/page/?([0-9]{1,})/?$] => index.php?category_name=$matches[1]&paged=$matches[2]
    [category/(.+?)/?$] => index.php?category_name=$matches[1]
    [tag/([^/]+)/feed/(feed|rdf|rss|rss2|atom)/?$] => index.php?tag=$matches[1]&feed=$matches[2]
    [tag/([^/]+)/(feed|rdf|rss|rss2|atom)/?$] => index.php?tag=$matches[1]&feed=$matches[2]
    [tag/([^/]+)/embed/?$] => index.php?tag=$matches[1]&embed=true
    [tag/([^/]+)/page/?([0-9]{1,})/?$] => index.php?tag=$matches[1]&paged=$matches[2]
    [tag/([^/]+)/?$] => index.php?tag=$matches[1]
    [type/([^/]+)/feed/(feed|rdf|rss|rss2|atom)/?$] => index.php?post_format=$matches[1]&feed=$matches[2]
    [type/([^/]+)/(feed|rdf|rss|rss2|atom)/?$] => index.php?post_format=$matches[1]&feed=$matches[2]
    [type/([^/]+)/embed/?$] => index.php?post_format=$matches[1]&embed=true
    [type/([^/]+)/page/?([0-9]{1,})/?$] => index.php?post_format=$matches[1]&paged=$matches[2]
    [type/([^/]+)/?$] => index.php?post_format=$matches[1]
    [projecten/[^/]+/attachment/([^/]+)/?$] => index.php?attachment=$matches[1]
    [projecten/[^/]+/attachment/([^/]+)/trackback/?$] => index.php?attachment=$matches[1]&tb=1
    [projecten/[^/]+/attachment/([^/]+)/feed/(feed|rdf|rss|rss2|atom)/?$] => index.php?attachment=$matches[1]&feed=$matches[2]
    [projecten/[^/]+/attachment/([^/]+)/(feed|rdf|rss|rss2|atom)/?$] => index.php?attachment=$matches[1]&feed=$matches[2]
    [projecten/[^/]+/attachment/([^/]+)/comment-page-([0-9]{1,})/?$] => index.php?attachment=$matches[1]&cpage=$matches[2]
    [projecten/[^/]+/attachment/([^/]+)/embed/?$] => index.php?attachment=$matches[1]&embed=true
    [projecten/([^/]+)/embed/?$] => index.php?project=$matches[1]&embed=true
    [projecten/([^/]+)/trackback/?$] => index.php?project=$matches[1]&tb=1
    [projecten/([^/]+)/feed/(feed|rdf|rss|rss2|atom)/?$] => index.php?project=$matches[1]&feed=$matches[2]
    [projecten/([^/]+)/(feed|rdf|rss|rss2|atom)/?$] => index.php?project=$matches[1]&feed=$matches[2]
    [projecten/([^/]+)/page/?([0-9]{1,})/?$] => index.php?project=$matches[1]&paged=$matches[2]
    [projecten/([^/]+)/comment-page-([0-9]{1,})/?$] => index.php?project=$matches[1]&cpage=$matches[2]
    [projecten/([^/]+)(?:/([0-9]+))?/?$] => index.php?project=$matches[1]&page=$matches[2]
    [projecten/[^/]+/([^/]+)/?$] => index.php?attachment=$matches[1]
    [projecten/[^/]+/([^/]+)/trackback/?$] => index.php?attachment=$matches[1]&tb=1
    [projecten/[^/]+/([^/]+)/feed/(feed|rdf|rss|rss2|atom)/?$] => index.php?attachment=$matches[1]&feed=$matches[2]
    [projecten/[^/]+/([^/]+)/(feed|rdf|rss|rss2|atom)/?$] => index.php?attachment=$matches[1]&feed=$matches[2]
    [projecten/[^/]+/([^/]+)/comment-page-([0-9]{1,})/?$] => index.php?attachment=$matches[1]&cpage=$matches[2]
    [projecten/[^/]+/([^/]+)/embed/?$] => index.php?attachment=$matches[1]&embed=true
    [project-category/([^/]+)/feed/(feed|rdf|rss|rss2|atom)/?$] => index.php?project_category=$matches[1]&feed=$matches[2]
    [project-category/([^/]+)/(feed|rdf|rss|rss2|atom)/?$] => index.php?project_category=$matches[1]&feed=$matches[2]
    [project-category/([^/]+)/embed/?$] => index.php?project_category=$matches[1]&embed=true
    [project-category/([^/]+)/page/?([0-9]{1,})/?$] => index.php?project_category=$matches[1]&paged=$matches[2]
    [project-category/([^/]+)/?$] => index.php?project_category=$matches[1]
    [.*wp-(atom|rdf|rss|rss2|feed|commentsrss2)\.php$] => index.php?feed=old
    [.*wp-app\.php(/.*)?$] => index.php?error=403
    [.*wp-register.php$] => index.php?register=true
    [feed/(feed|rdf|rss|rss2|atom)/?$] => index.php?&feed=$matches[1]
    [(feed|rdf|rss|rss2|atom)/?$] => index.php?&feed=$matches[1]
    [embed/?$] => index.php?&embed=true
    [page/?([0-9]{1,})/?$] => index.php?&paged=$matches[1]
    [comment-page-([0-9]{1,})/?$] => index.php?&page_id=8&cpage=$matches[1]
    [comments/feed/(feed|rdf|rss|rss2|atom)/?$] => index.php?&feed=$matches[1]&withcomments=1
    [comments/(feed|rdf|rss|rss2|atom)/?$] => index.php?&feed=$matches[1]&withcomments=1
    [comments/embed/?$] => index.php?&embed=true
    [search/(.+)/feed/(feed|rdf|rss|rss2|atom)/?$] => index.php?s=$matches[1]&feed=$matches[2]
    [search/(.+)/(feed|rdf|rss|rss2|atom)/?$] => index.php?s=$matches[1]&feed=$matches[2]
    [search/(.+)/embed/?$] => index.php?s=$matches[1]&embed=true
    [search/(.+)/page/?([0-9]{1,})/?$] => index.php?s=$matches[1]&paged=$matches[2]
    [search/(.+)/?$] => index.php?s=$matches[1]
    [author/([^/]+)/feed/(feed|rdf|rss|rss2|atom)/?$] => index.php?author_name=$matches[1]&feed=$matches[2]
    [author/([^/]+)/(feed|rdf|rss|rss2|atom)/?$] => index.php?author_name=$matches[1]&feed=$matches[2]
    [author/([^/]+)/embed/?$] => index.php?author_name=$matches[1]&embed=true
    [author/([^/]+)/page/?([0-9]{1,})/?$] => index.php?author_name=$matches[1]&paged=$matches[2]
    [author/([^/]+)/?$] => index.php?author_name=$matches[1]
    [([0-9]{4})/([0-9]{1,2})/([0-9]{1,2})/feed/(feed|rdf|rss|rss2|atom)/?$] => index.php?year=$matches[1]&monthnum=$matches[2]&day=$matches[3]&feed=$matches[4]
    [([0-9]{4})/([0-9]{1,2})/([0-9]{1,2})/(feed|rdf|rss|rss2|atom)/?$] => index.php?year=$matches[1]&monthnum=$matches[2]&day=$matches[3]&feed=$matches[4]
    [([0-9]{4})/([0-9]{1,2})/([0-9]{1,2})/embed/?$] => index.php?year=$matches[1]&monthnum=$matches[2]&day=$matches[3]&embed=true
    [([0-9]{4})/([0-9]{1,2})/([0-9]{1,2})/page/?([0-9]{1,})/?$] => index.php?year=$matches[1]&monthnum=$matches[2]&day=$matches[3]&paged=$matches[4]
    [([0-9]{4})/([0-9]{1,2})/([0-9]{1,2})/?$] => index.php?year=$matches[1]&monthnum=$matches[2]&day=$matches[3]
    [([0-9]{4})/([0-9]{1,2})/feed/(feed|rdf|rss|rss2|atom)/?$] => index.php?year=$matches[1]&monthnum=$matches[2]&feed=$matches[3]
    [([0-9]{4})/([0-9]{1,2})/(feed|rdf|rss|rss2|atom)/?$] => index.php?year=$matches[1]&monthnum=$matches[2]&feed=$matches[3]
    [([0-9]{4})/([0-9]{1,2})/embed/?$] => index.php?year=$matches[1]&monthnum=$matches[2]&embed=true
    [([0-9]{4})/([0-9]{1,2})/page/?([0-9]{1,})/?$] => index.php?year=$matches[1]&monthnum=$matches[2]&paged=$matches[3]
    [([0-9]{4})/([0-9]{1,2})/?$] => index.php?year=$matches[1]&monthnum=$matches[2]
    [([0-9]{4})/feed/(feed|rdf|rss|rss2|atom)/?$] => index.php?year=$matches[1]&feed=$matches[2]
    [([0-9]{4})/(feed|rdf|rss|rss2|atom)/?$] => index.php?year=$matches[1]&feed=$matches[2]
    [([0-9]{4})/embed/?$] => index.php?year=$matches[1]&embed=true
    [([0-9]{4})/page/?([0-9]{1,})/?$] => index.php?year=$matches[1]&paged=$matches[2]
    [([0-9]{4})/?$] => index.php?year=$matches[1]
    [.?.+?/attachment/([^/]+)/?$] => index.php?attachment=$matches[1]
    [.?.+?/attachment/([^/]+)/trackback/?$] => index.php?attachment=$matches[1]&tb=1
    [.?.+?/attachment/([^/]+)/feed/(feed|rdf|rss|rss2|atom)/?$] => index.php?attachment=$matches[1]&feed=$matches[2]
    [.?.+?/attachment/([^/]+)/(feed|rdf|rss|rss2|atom)/?$] => index.php?attachment=$matches[1]&feed=$matches[2]
    [.?.+?/attachment/([^/]+)/comment-page-([0-9]{1,})/?$] => index.php?attachment=$matches[1]&cpage=$matches[2]
    [.?.+?/attachment/([^/]+)/embed/?$] => index.php?attachment=$matches[1]&embed=true
    [(.?.+?)/embed/?$] => index.php?pagename=$matches[1]&embed=true
    [(.?.+?)/trackback/?$] => index.php?pagename=$matches[1]&tb=1
    [(.?.+?)/feed/(feed|rdf|rss|rss2|atom)/?$] => index.php?pagename=$matches[1]&feed=$matches[2]
    [(.?.+?)/(feed|rdf|rss|rss2|atom)/?$] => index.php?pagename=$matches[1]&feed=$matches[2]
    [(.?.+?)/page/?([0-9]{1,})/?$] => index.php?pagename=$matches[1]&paged=$matches[2]
    [(.?.+?)/comment-page-([0-9]{1,})/?$] => index.php?pagename=$matches[1]&cpage=$matches[2]
    [(.?.+?)(?:/([0-9]+))?/?$] => index.php?pagename=$matches[1]&page=$matches[2]
    [[^/]+/attachment/([^/]+)/?$] => index.php?attachment=$matches[1]
    [[^/]+/attachment/([^/]+)/trackback/?$] => index.php?attachment=$matches[1]&tb=1
    [[^/]+/attachment/([^/]+)/feed/(feed|rdf|rss|rss2|atom)/?$] => index.php?attachment=$matches[1]&feed=$matches[2]
    [[^/]+/attachment/([^/]+)/(feed|rdf|rss|rss2|atom)/?$] => index.php?attachment=$matches[1]&feed=$matches[2]
    [[^/]+/attachment/([^/]+)/comment-page-([0-9]{1,})/?$] => index.php?attachment=$matches[1]&cpage=$matches[2]
    [[^/]+/attachment/([^/]+)/embed/?$] => index.php?attachment=$matches[1]&embed=true
    [([^/]+)/embed/?$] => index.php?name=$matches[1]&embed=true
    [([^/]+)/trackback/?$] => index.php?name=$matches[1]&tb=1
    [([^/]+)/feed/(feed|rdf|rss|rss2|atom)/?$] => index.php?name=$matches[1]&feed=$matches[2]
    [([^/]+)/(feed|rdf|rss|rss2|atom)/?$] => index.php?name=$matches[1]&feed=$matches[2]
    [([^/]+)/page/?([0-9]{1,})/?$] => index.php?name=$matches[1]&paged=$matches[2]
    [([^/]+)/comment-page-([0-9]{1,})/?$] => index.php?name=$matches[1]&cpage=$matches[2]
    [([^/]+)(?:/([0-9]+))?/?$] => index.php?name=$matches[1]&page=$matches[2]
    [[^/]+/([^/]+)/?$] => index.php?attachment=$matches[1]
    [[^/]+/([^/]+)/trackback/?$] => index.php?attachment=$matches[1]&tb=1
    [[^/]+/([^/]+)/feed/(feed|rdf|rss|rss2|atom)/?$] => index.php?attachment=$matches[1]&feed=$matches[2]
    [[^/]+/([^/]+)/(feed|rdf|rss|rss2|atom)/?$] => index.php?attachment=$matches[1]&feed=$matches[2]
    [[^/]+/([^/]+)/comment-page-([0-9]{1,})/?$] => index.php?attachment=$matches[1]&cpage=$matches[2]
    [[^/]+/([^/]+)/embed/?$] => index.php?attachment=$matches[1]&embed=true
)

[26-Mar-2026 13:02:03 UTC] Page post type rewrite:
[26-Mar-2026 13:02:03 UTC] PHP Warning:  Trying to access array offset on value of type bool in C:\xampp\htdocs\wordpress_community_malik\wp-content\themes\community\functions.php on line 166
[26-Mar-2026 13:02:03 UTC] Page rewrite slug: 
[26-Mar-2026 13:02:03 UTC] Project post type rewrite:
[26-Mar-2026 13:02:03 UTC] Project rewrite slug: projecten
[26-Mar-2026 13:02:05 UTC] Current rewrite rules:
[26-Mar-2026 13:02:05 UTC] Array
(
    [^wp-json/?$] => index.php?rest_route=/
    [^wp-json/(.*)?] => index.php?rest_route=/$matches[1]
    [^index.php/wp-json/?$] => index.php?rest_route=/
    [^index.php/wp-json/(.*)?] => index.php?rest_route=/$matches[1]
    [^wp-sitemap\.xml$] => index.php?sitemap=index
    [^wp-sitemap\.xsl$] => index.php?sitemap-stylesheet=sitemap
    [^wp-sitemap-index\.xsl$] => index.php?sitemap-stylesheet=index
    [^wp-sitemap-([a-z]+?)-([a-z\d_-]+?)-(\d+?)\.xml$] => index.php?sitemap=$matches[1]&sitemap-subtype=$matches[2]&paged=$matches[3]
    [^wp-sitemap-([a-z]+?)-(\d+?)\.xml$] => index.php?sitemap=$matches[1]&paged=$matches[2]
    [projecten/?$] => index.php?post_type=project
    [projecten/feed/(feed|rdf|rss|rss2|atom)/?$] => index.php?post_type=project&feed=$matches[1]
    [projecten/(feed|rdf|rss|rss2|atom)/?$] => index.php?post_type=project&feed=$matches[1]
    [projecten/page/([0-9]{1,})/?$] => index.php?post_type=project&paged=$matches[1]
    [category/(.+?)/feed/(feed|rdf|rss|rss2|atom)/?$] => index.php?category_name=$matches[1]&feed=$matches[2]
    [category/(.+?)/(feed|rdf|rss|rss2|atom)/?$] => index.php?category_name=$matches[1]&feed=$matches[2]
    [category/(.+?)/embed/?$] => index.php?category_name=$matches[1]&embed=true
    [category/(.+?)/page/?([0-9]{1,})/?$] => index.php?category_name=$matches[1]&paged=$matches[2]
    [category/(.+?)/?$] => index.php?category_name=$matches[1]
    [tag/([^/]+)/feed/(feed|rdf|rss|rss2|atom)/?$] => index.php?tag=$matches[1]&feed=$matches[2]
    [tag/([^/]+)/(feed|rdf|rss|rss2|atom)/?$] => index.php?tag=$matches[1]&feed=$matches[2]
    [tag/([^/]+)/embed/?$] => index.php?tag=$matches[1]&embed=true
    [tag/([^/]+)/page/?([0-9]{1,})/?$] => index.php?tag=$matches[1]&paged=$matches[2]
    [tag/([^/]+)/?$] => index.php?tag=$matches[1]
    [type/([^/]+)/feed/(feed|rdf|rss|rss2|atom)/?$] => index.php?post_format=$matches[1]&feed=$matches[2]
    [type/([^/]+)/(feed|rdf|rss|rss2|atom)/?$] => index.php?post_format=$matches[1]&feed=$matches[2]
    [type/([^/]+)/embed/?$] => index.php?post_format=$matches[1]&embed=true
    [type/([^/]+)/page/?([0-9]{1,})/?$] => index.php?post_format=$matches[1]&paged=$matches[2]
    [type/([^/]+)/?$] => index.php?post_format=$matches[1]
    [projecten/[^/]+/attachment/([^/]+)/?$] => index.php?attachment=$matches[1]
    [projecten/[^/]+/attachment/([^/]+)/trackback/?$] => index.php?attachment=$matches[1]&tb=1
    [projecten/[^/]+/attachment/([^/]+)/feed/(feed|rdf|rss|rss2|atom)/?$] => index.php?attachment=$matches[1]&feed=$matches[2]
    [projecten/[^/]+/attachment/([^/]+)/(feed|rdf|rss|rss2|atom)/?$] => index.php?attachment=$matches[1]&feed=$matches[2]
    [projecten/[^/]+/attachment/([^/]+)/comment-page-([0-9]{1,})/?$] => index.php?attachment=$matches[1]&cpage=$matches[2]
    [projecten/[^/]+/attachment/([^/]+)/embed/?$] => index.php?attachment=$matches[1]&embed=true
    [projecten/([^/]+)/embed/?$] => index.php?project=$matches[1]&embed=true
    [projecten/([^/]+)/trackback/?$] => index.php?project=$matches[1]&tb=1
    [projecten/([^/]+)/feed/(feed|rdf|rss|rss2|atom)/?$] => index.php?project=$matches[1]&feed=$matches[2]
    [projecten/([^/]+)/(feed|rdf|rss|rss2|atom)/?$] => index.php?project=$matches[1]&feed=$matches[2]
    [projecten/([^/]+)/page/?([0-9]{1,})/?$] => index.php?project=$matches[1]&paged=$matches[2]
    [projecten/([^/]+)/comment-page-([0-9]{1,})/?$] => index.php?project=$matches[1]&cpage=$matches[2]
    [projecten/([^/]+)(?:/([0-9]+))?/?$] => index.php?project=$matches[1]&page=$matches[2]
    [projecten/[^/]+/([^/]+)/?$] => index.php?attachment=$matches[1]
    [projecten/[^/]+/([^/]+)/trackback/?$] => index.php?attachment=$matches[1]&tb=1
    [projecten/[^/]+/([^/]+)/feed/(feed|rdf|rss|rss2|atom)/?$] => index.php?attachment=$matches[1]&feed=$matches[2]
    [projecten/[^/]+/([^/]+)/(feed|rdf|rss|rss2|atom)/?$] => index.php?attachment=$matches[1]&feed=$matches[2]
    [projecten/[^/]+/([^/]+)/comment-page-([0-9]{1,})/?$] => index.php?attachment=$matches[1]&cpage=$matches[2]
    [projecten/[^/]+/([^/]+)/embed/?$] => index.php?attachment=$matches[1]&embed=true
    [.*wp-(atom|rdf|rss|rss2|feed|commentsrss2)\.php$] => index.php?feed=old
    [.*wp-app\.php(/.*)?$] => index.php?error=403
    [.*wp-register.php$] => index.php?register=true
    [feed/(feed|rdf|rss|rss2|atom)/?$] => index.php?&feed=$matches[1]
    [(feed|rdf|rss|rss2|atom)/?$] => index.php?&feed=$matches[1]
    [embed/?$] => index.php?&embed=true
    [page/?([0-9]{1,})/?$] => index.php?&paged=$matches[1]
    [comment-page-([0-9]{1,})/?$] => index.php?&page_id=8&cpage=$matches[1]
    [comments/feed/(feed|rdf|rss|rss2|atom)/?$] => index.php?&feed=$matches[1]&withcomments=1
    [comments/(feed|rdf|rss|rss2|atom)/?$] => index.php?&feed=$matches[1]&withcomments=1
    [comments/embed/?$] => index.php?&embed=true
    [search/(.+)/feed/(feed|rdf|rss|rss2|atom)/?$] => index.php?s=$matches[1]&feed=$matches[2]
    [search/(.+)/(feed|rdf|rss|rss2|atom)/?$] => index.php?s=$matches[1]&feed=$matches[2]
    [search/(.+)/embed/?$] => index.php?s=$matches[1]&embed=true
    [search/(.+)/page/?([0-9]{1,})/?$] => index.php?s=$matches[1]&paged=$matches[2]
    [search/(.+)/?$] => index.php?s=$matches[1]
    [author/([^/]+)/feed/(feed|rdf|rss|rss2|atom)/?$] => index.php?author_name=$matches[1]&feed=$matches[2]
    [author/([^/]+)/(feed|rdf|rss|rss2|atom)/?$] => index.php?author_name=$matches[1]&feed=$matches[2]
    [author/([^/]+)/embed/?$] => index.php?author_name=$matches[1]&embed=true
    [author/([^/]+)/page/?([0-9]{1,})/?$] => index.php?author_name=$matches[1]&paged=$matches[2]
    [author/([^/]+)/?$] => index.php?author_name=$matches[1]
    [([0-9]{4})/([0-9]{1,2})/([0-9]{1,2})/feed/(feed|rdf|rss|rss2|atom)/?$] => index.php?year=$matches[1]&monthnum=$matches[2]&day=$matches[3]&feed=$matches[4]
    [([0-9]{4})/([0-9]{1,2})/([0-9]{1,2})/(feed|rdf|rss|rss2|atom)/?$] => index.php?year=$matches[1]&monthnum=$matches[2]&day=$matches[3]&feed=$matches[4]
    [([0-9]{4})/([0-9]{1,2})/([0-9]{1,2})/embed/?$] => index.php?year=$matches[1]&monthnum=$matches[2]&day=$matches[3]&embed=true
    [([0-9]{4})/([0-9]{1,2})/([0-9]{1,2})/page/?([0-9]{1,})/?$] => index.php?year=$matches[1]&monthnum=$matches[2]&day=$matches[3]&paged=$matches[4]
    [([0-9]{4})/([0-9]{1,2})/([0-9]{1,2})/?$] => index.php?year=$matches[1]&monthnum=$matches[2]&day=$matches[3]
    [([0-9]{4})/([0-9]{1,2})/feed/(feed|rdf|rss|rss2|atom)/?$] => index.php?year=$matches[1]&monthnum=$matches[2]&feed=$matches[3]
    [([0-9]{4})/([0-9]{1,2})/(feed|rdf|rss|rss2|atom)/?$] => index.php?year=$matches[1]&monthnum=$matches[2]&feed=$matches[3]
    [([0-9]{4})/([0-9]{1,2})/embed/?$] => index.php?year=$matches[1]&monthnum=$matches[2]&embed=true
    [([0-9]{4})/([0-9]{1,2})/page/?([0-9]{1,})/?$] => index.php?year=$matches[1]&monthnum=$matches[2]&paged=$matches[3]
    [([0-9]{4})/([0-9]{1,2})/?$] => index.php?year=$matches[1]&monthnum=$matches[2]
    [([0-9]{4})/feed/(feed|rdf|rss|rss2|atom)/?$] => index.php?year=$matches[1]&feed=$matches[2]
    [([0-9]{4})/(feed|rdf|rss|rss2|atom)/?$] => index.php?year=$matches[1]&feed=$matches[2]
    [([0-9]{4})/embed/?$] => index.php?year=$matches[1]&embed=true
    [([0-9]{4})/page/?([0-9]{1,})/?$] => index.php?year=$matches[1]&paged=$matches[2]
    [([0-9]{4})/?$] => index.php?year=$matches[1]
    [.?.+?/attachment/([^/]+)/?$] => index.php?attachment=$matches[1]
    [.?.+?/attachment/([^/]+)/trackback/?$] => index.php?attachment=$matches[1]&tb=1
    [.?.+?/attachment/([^/]+)/feed/(feed|rdf|rss|rss2|atom)/?$] => index.php?attachment=$matches[1]&feed=$matches[2]
    [.?.+?/attachment/([^/]+)/(feed|rdf|rss|rss2|atom)/?$] => index.php?attachment=$matches[1]&feed=$matches[2]
    [.?.+?/attachment/([^/]+)/comment-page-([0-9]{1,})/?$] => index.php?attachment=$matches[1]&cpage=$matches[2]
    [.?.+?/attachment/([^/]+)/embed/?$] => index.php?attachment=$matches[1]&embed=true
    [(.?.+?)/embed/?$] => index.php?pagename=$matches[1]&embed=true
    [(.?.+?)/trackback/?$] => index.php?pagename=$matches[1]&tb=1
    [(.?.+?)/feed/(feed|rdf|rss|rss2|atom)/?$] => index.php?pagename=$matches[1]&feed=$matches[2]
    [(.?.+?)/(feed|rdf|rss|rss2|atom)/?$] => index.php?pagename=$matches[1]&feed=$matches[2]
    [(.?.+?)/page/?([0-9]{1,})/?$] => index.php?pagename=$matches[1]&paged=$matches[2]
    [(.?.+?)/comment-page-([0-9]{1,})/?$] => index.php?pagename=$matches[1]&cpage=$matches[2]
    [(.?.+?)(?:/([0-9]+))?/?$] => index.php?pagename=$matches[1]&page=$matches[2]
    [[^/]+/attachment/([^/]+)/?$] => index.php?attachment=$matches[1]
    [[^/]+/attachment/([^/]+)/trackback/?$] => index.php?attachment=$matches[1]&tb=1
    [[^/]+/attachment/([^/]+)/feed/(feed|rdf|rss|rss2|atom)/?$] => index.php?attachment=$matches[1]&feed=$matches[2]
    [[^/]+/attachment/([^/]+)/(feed|rdf|rss|rss2|atom)/?$] => index.php?attachment=$matches[1]&feed=$matches[2]
    [[^/]+/attachment/([^/]+)/comment-page-([0-9]{1,})/?$] => index.php?attachment=$matches[1]&cpage=$matches[2]
    [[^/]+/attachment/([^/]+)/embed/?$] => index.php?attachment=$matches[1]&embed=true
    [([^/]+)/embed/?$] => index.php?name=$matches[1]&embed=true
    [([^/]+)/trackback/?$] => index.php?name=$matches[1]&tb=1
    [([^/]+)/feed/(feed|rdf|rss|rss2|atom)/?$] => index.php?name=$matches[1]&feed=$matches[2]
    [([^/]+)/(feed|rdf|rss|rss2|atom)/?$] => index.php?name=$matches[1]&feed=$matches[2]
    [([^/]+)/page/?([0-9]{1,})/?$] => index.php?name=$matches[1]&paged=$matches[2]
    [([^/]+)/comment-page-([0-9]{1,})/?$] => index.php?name=$matches[1]&cpage=$matches[2]
    [([^/]+)(?:/([0-9]+))?/?$] => index.php?name=$matches[1]&page=$matches[2]
    [[^/]+/([^/]+)/?$] => index.php?attachment=$matches[1]
    [[^/]+/([^/]+)/trackback/?$] => index.php?attachment=$matches[1]&tb=1
    [[^/]+/([^/]+)/feed/(feed|rdf|rss|rss2|atom)/?$] => index.php?attachment=$matches[1]&feed=$matches[2]
    [[^/]+/([^/]+)/(feed|rdf|rss|rss2|atom)/?$] => index.php?attachment=$matches[1]&feed=$matches[2]
    [[^/]+/([^/]+)/comment-page-([0-9]{1,})/?$] => index.php?attachment=$matches[1]&cpage=$matches[2]
    [[^/]+/([^/]+)/embed/?$] => index.php?attachment=$matches[1]&embed=true
)

[26-Mar-2026 13:02:05 UTC] Page post type rewrite:
[26-Mar-2026 13:02:05 UTC] PHP Warning:  Trying to access array offset on value of type bool in C:\xampp\htdocs\wordpress_community_malik\wp-content\themes\community\functions.php on line 166
[26-Mar-2026 13:02:05 UTC] Page rewrite slug: 
[26-Mar-2026 13:02:05 UTC] Project post type rewrite:
[26-Mar-2026 13:02:05 UTC] Project rewrite slug: projecten
[26-Mar-2026 13:02:05 UTC] Current rewrite rules:
[26-Mar-2026 13:02:05 UTC] Array
(
    [^wp-json/?$] => index.php?rest_route=/
    [^wp-json/(.*)?] => index.php?rest_route=/$matches[1]
    [^index.php/wp-json/?$] => index.php?rest_route=/
    [^index.php/wp-json/(.*)?] => index.php?rest_route=/$matches[1]
    [^wp-sitemap\.xml$] => index.php?sitemap=index
    [^wp-sitemap\.xsl$] => index.php?sitemap-stylesheet=sitemap
    [^wp-sitemap-index\.xsl$] => index.php?sitemap-stylesheet=index
    [^wp-sitemap-([a-z]+?)-([a-z\d_-]+?)-(\d+?)\.xml$] => index.php?sitemap=$matches[1]&sitemap-subtype=$matches[2]&paged=$matches[3]
    [^wp-sitemap-([a-z]+?)-(\d+?)\.xml$] => index.php?sitemap=$matches[1]&paged=$matches[2]
    [projecten/?$] => index.php?post_type=project
    [projecten/feed/(feed|rdf|rss|rss2|atom)/?$] => index.php?post_type=project&feed=$matches[1]
    [projecten/(feed|rdf|rss|rss2|atom)/?$] => index.php?post_type=project&feed=$matches[1]
    [projecten/page/([0-9]{1,})/?$] => index.php?post_type=project&paged=$matches[1]
    [category/(.+?)/feed/(feed|rdf|rss|rss2|atom)/?$] => index.php?category_name=$matches[1]&feed=$matches[2]
    [category/(.+?)/(feed|rdf|rss|rss2|atom)/?$] => index.php?category_name=$matches[1]&feed=$matches[2]
    [category/(.+?)/embed/?$] => index.php?category_name=$matches[1]&embed=true
    [category/(.+?)/page/?([0-9]{1,})/?$] => index.php?category_name=$matches[1]&paged=$matches[2]
    [category/(.+?)/?$] => index.php?category_name=$matches[1]
    [tag/([^/]+)/feed/(feed|rdf|rss|rss2|atom)/?$] => index.php?tag=$matches[1]&feed=$matches[2]
    [tag/([^/]+)/(feed|rdf|rss|rss2|atom)/?$] => index.php?tag=$matches[1]&feed=$matches[2]
    [tag/([^/]+)/embed/?$] => index.php?tag=$matches[1]&embed=true
    [tag/([^/]+)/page/?([0-9]{1,})/?$] => index.php?tag=$matches[1]&paged=$matches[2]
    [tag/([^/]+)/?$] => index.php?tag=$matches[1]
    [type/([^/]+)/feed/(feed|rdf|rss|rss2|atom)/?$] => index.php?post_format=$matches[1]&feed=$matches[2]
    [type/([^/]+)/(feed|rdf|rss|rss2|atom)/?$] => index.php?post_format=$matches[1]&feed=$matches[2]
    [type/([^/]+)/embed/?$] => index.php?post_format=$matches[1]&embed=true
    [type/([^/]+)/page/?([0-9]{1,})/?$] => index.php?post_format=$matches[1]&paged=$matches[2]
    [type/([^/]+)/?$] => index.php?post_format=$matches[1]
    [projecten/[^/]+/attachment/([^/]+)/?$] => index.php?attachment=$matches[1]
    [projecten/[^/]+/attachment/([^/]+)/trackback/?$] => index.php?attachment=$matches[1]&tb=1
    [projecten/[^/]+/attachment/([^/]+)/feed/(feed|rdf|rss|rss2|atom)/?$] => index.php?attachment=$matches[1]&feed=$matches[2]
    [projecten/[^/]+/attachment/([^/]+)/(feed|rdf|rss|rss2|atom)/?$] => index.php?attachment=$matches[1]&feed=$matches[2]
    [projecten/[^/]+/attachment/([^/]+)/comment-page-([0-9]{1,})/?$] => index.php?attachment=$matches[1]&cpage=$matches[2]
    [projecten/[^/]+/attachment/([^/]+)/embed/?$] => index.php?attachment=$matches[1]&embed=true
    [projecten/([^/]+)/embed/?$] => index.php?project=$matches[1]&embed=true
    [projecten/([^/]+)/trackback/?$] => index.php?project=$matches[1]&tb=1
    [projecten/([^/]+)/feed/(feed|rdf|rss|rss2|atom)/?$] => index.php?project=$matches[1]&feed=$matches[2]
    [projecten/([^/]+)/(feed|rdf|rss|rss2|atom)/?$] => index.php?project=$matches[1]&feed=$matches[2]
    [projecten/([^/]+)/page/?([0-9]{1,})/?$] => index.php?project=$matches[1]&paged=$matches[2]
    [projecten/([^/]+)/comment-page-([0-9]{1,})/?$] => index.php?project=$matches[1]&cpage=$matches[2]
    [projecten/([^/]+)(?:/([0-9]+))?/?$] => index.php?project=$matches[1]&page=$matches[2]
    [projecten/[^/]+/([^/]+)/?$] => index.php?attachment=$matches[1]
    [projecten/[^/]+/([^/]+)/trackback/?$] => index.php?attachment=$matches[1]&tb=1
    [projecten/[^/]+/([^/]+)/feed/(feed|rdf|rss|rss2|atom)/?$] => index.php?attachment=$matches[1]&feed=$matches[2]
    [projecten/[^/]+/([^/]+)/(feed|rdf|rss|rss2|atom)/?$] => index.php?attachment=$matches[1]&feed=$matches[2]
    [projecten/[^/]+/([^/]+)/comment-page-([0-9]{1,})/?$] => index.php?attachment=$matches[1]&cpage=$matches[2]
    [projecten/[^/]+/([^/]+)/embed/?$] => index.php?attachment=$matches[1]&embed=true
    [.*wp-(atom|rdf|rss|rss2|feed|commentsrss2)\.php$] => index.php?feed=old
    [.*wp-app\.php(/.*)?$] => index.php?error=403
    [.*wp-register.php$] => index.php?register=true
    [feed/(feed|rdf|rss|rss2|atom)/?$] => index.php?&feed=$matches[1]
    [(feed|rdf|rss|rss2|atom)/?$] => index.php?&feed=$matches[1]
    [embed/?$] => index.php?&embed=true
    [page/?([0-9]{1,})/?$] => index.php?&paged=$matches[1]
    [comment-page-([0-9]{1,})/?$] => index.php?&page_id=8&cpage=$matches[1]
    [comments/feed/(feed|rdf|rss|rss2|atom)/?$] => index.php?&feed=$matches[1]&withcomments=1
    [comments/(feed|rdf|rss|rss2|atom)/?$] => index.php?&feed=$matches[1]&withcomments=1
    [comments/embed/?$] => index.php?&embed=true
    [search/(.+)/feed/(feed|rdf|rss|rss2|atom)/?$] => index.php?s=$matches[1]&feed=$matches[2]
    [search/(.+)/(feed|rdf|rss|rss2|atom)/?$] => index.php?s=$matches[1]&feed=$matches[2]
    [search/(.+)/embed/?$] => index.php?s=$matches[1]&embed=true
    [search/(.+)/page/?([0-9]{1,})/?$] => index.php?s=$matches[1]&paged=$matches[2]
    [search/(.+)/?$] => index.php?s=$matches[1]
    [author/([^/]+)/feed/(feed|rdf|rss|rss2|atom)/?$] => index.php?author_name=$matches[1]&feed=$matches[2]
    [author/([^/]+)/(feed|rdf|rss|rss2|atom)/?$] => index.php?author_name=$matches[1]&feed=$matches[2]
    [author/([^/]+)/embed/?$] => index.php?author_name=$matches[1]&embed=true
    [author/([^/]+)/page/?([0-9]{1,})/?$] => index.php?author_name=$matches[1]&paged=$matches[2]
    [author/([^/]+)/?$] => index.php?author_name=$matches[1]
    [([0-9]{4})/([0-9]{1,2})/([0-9]{1,2})/feed/(feed|rdf|rss|rss2|atom)/?$] => index.php?year=$matches[1]&monthnum=$matches[2]&day=$matches[3]&feed=$matches[4]
    [([0-9]{4})/([0-9]{1,2})/([0-9]{1,2})/(feed|rdf|rss|rss2|atom)/?$] => index.php?year=$matches[1]&monthnum=$matches[2]&day=$matches[3]&feed=$matches[4]
    [([0-9]{4})/([0-9]{1,2})/([0-9]{1,2})/embed/?$] => index.php?year=$matches[1]&monthnum=$matches[2]&day=$matches[3]&embed=true
    [([0-9]{4})/([0-9]{1,2})/([0-9]{1,2})/page/?([0-9]{1,})/?$] => index.php?year=$matches[1]&monthnum=$matches[2]&day=$matches[3]&paged=$matches[4]
    [([0-9]{4})/([0-9]{1,2})/([0-9]{1,2})/?$] => index.php?year=$matches[1]&monthnum=$matches[2]&day=$matches[3]
    [([0-9]{4})/([0-9]{1,2})/feed/(feed|rdf|rss|rss2|atom)/?$] => index.php?year=$matches[1]&monthnum=$matches[2]&feed=$matches[3]
    [([0-9]{4})/([0-9]{1,2})/(feed|rdf|rss|rss2|atom)/?$] => index.php?year=$matches[1]&monthnum=$matches[2]&feed=$matches[3]
    [([0-9]{4})/([0-9]{1,2})/embed/?$] => index.php?year=$matches[1]&monthnum=$matches[2]&embed=true
    [([0-9]{4})/([0-9]{1,2})/page/?([0-9]{1,})/?$] => index.php?year=$matches[1]&monthnum=$matches[2]&paged=$matches[3]
    [([0-9]{4})/([0-9]{1,2})/?$] => index.php?year=$matches[1]&monthnum=$matches[2]
    [([0-9]{4})/feed/(feed|rdf|rss|rss2|atom)/?$] => index.php?year=$matches[1]&feed=$matches[2]
    [([0-9]{4})/(feed|rdf|rss|rss2|atom)/?$] => index.php?year=$matches[1]&feed=$matches[2]
    [([0-9]{4})/embed/?$] => index.php?year=$matches[1]&embed=true
    [([0-9]{4})/page/?([0-9]{1,})/?$] => index.php?year=$matches[1]&paged=$matches[2]
    [([0-9]{4})/?$] => index.php?year=$matches[1]
    [.?.+?/attachment/([^/]+)/?$] => index.php?attachment=$matches[1]
    [.?.+?/attachment/([^/]+)/trackback/?$] => index.php?attachment=$matches[1]&tb=1
    [.?.+?/attachment/([^/]+)/feed/(feed|rdf|rss|rss2|atom)/?$] => index.php?attachment=$matches[1]&feed=$matches[2]
    [.?.+?/attachment/([^/]+)/(feed|rdf|rss|rss2|atom)/?$] => index.php?attachment=$matches[1]&feed=$matches[2]
    [.?.+?/attachment/([^/]+)/comment-page-([0-9]{1,})/?$] => index.php?attachment=$matches[1]&cpage=$matches[2]
    [.?.+?/attachment/([^/]+)/embed/?$] => index.php?attachment=$matches[1]&embed=true
    [(.?.+?)/embed/?$] => index.php?pagename=$matches[1]&embed=true
    [(.?.+?)/trackback/?$] => index.php?pagename=$matches[1]&tb=1
    [(.?.+?)/feed/(feed|rdf|rss|rss2|atom)/?$] => index.php?pagename=$matches[1]&feed=$matches[2]
    [(.?.+?)/(feed|rdf|rss|rss2|atom)/?$] => index.php?pagename=$matches[1]&feed=$matches[2]
    [(.?.+?)/page/?([0-9]{1,})/?$] => index.php?pagename=$matches[1]&paged=$matches[2]
    [(.?.+?)/comment-page-([0-9]{1,})/?$] => index.php?pagename=$matches[1]&cpage=$matches[2]
    [(.?.+?)(?:/([0-9]+))?/?$] => index.php?pagename=$matches[1]&page=$matches[2]
    [[^/]+/attachment/([^/]+)/?$] => index.php?attachment=$matches[1]
    [[^/]+/attachment/([^/]+)/trackback/?$] => index.php?attachment=$matches[1]&tb=1
    [[^/]+/attachment/([^/]+)/feed/(feed|rdf|rss|rss2|atom)/?$] => index.php?attachment=$matches[1]&feed=$matches[2]
    [[^/]+/attachment/([^/]+)/(feed|rdf|rss|rss2|atom)/?$] => index.php?attachment=$matches[1]&feed=$matches[2]
    [[^/]+/attachment/([^/]+)/comment-page-([0-9]{1,})/?$] => index.php?attachment=$matches[1]&cpage=$matches[2]
    [[^/]+/attachment/([^/]+)/embed/?$] => index.php?attachment=$matches[1]&embed=true
    [([^/]+)/embed/?$] => index.php?name=$matches[1]&embed=true
    [([^/]+)/trackback/?$] => index.php?name=$matches[1]&tb=1
    [([^/]+)/feed/(feed|rdf|rss|rss2|atom)/?$] => index.php?name=$matches[1]&feed=$matches[2]
    [([^/]+)/(feed|rdf|rss|rss2|atom)/?$] => index.php?name=$matches[1]&feed=$matches[2]
    [([^/]+)/page/?([0-9]{1,})/?$] => index.php?name=$matches[1]&paged=$matches[2]
    [([^/]+)/comment-page-([0-9]{1,})/?$] => index.php?name=$matches[1]&cpage=$matches[2]
    [([^/]+)(?:/([0-9]+))?/?$] => index.php?name=$matches[1]&page=$matches[2]
    [[^/]+/([^/]+)/?$] => index.php?attachment=$matches[1]
    [[^/]+/([^/]+)/trackback/?$] => index.php?attachment=$matches[1]&tb=1
    [[^/]+/([^/]+)/feed/(feed|rdf|rss|rss2|atom)/?$] => index.php?attachment=$matches[1]&feed=$matches[2]
    [[^/]+/([^/]+)/(feed|rdf|rss|rss2|atom)/?$] => index.php?attachment=$matches[1]&feed=$matches[2]
    [[^/]+/([^/]+)/comment-page-([0-9]{1,})/?$] => index.php?attachment=$matches[1]&cpage=$matches[2]
    [[^/]+/([^/]+)/embed/?$] => index.php?attachment=$matches[1]&embed=true
)

[26-Mar-2026 13:02:05 UTC] Page post type rewrite:
[26-Mar-2026 13:02:05 UTC] PHP Warning:  Trying to access array offset on value of type bool in C:\xampp\htdocs\wordpress_community_malik\wp-content\themes\community\functions.php on line 166
[26-Mar-2026 13:02:05 UTC] Page rewrite slug: 
[26-Mar-2026 13:02:05 UTC] Project post type rewrite:
[26-Mar-2026 13:02:05 UTC] Project rewrite slug: projecten
[26-Mar-2026 13:02:06 UTC] Current rewrite rules:
[26-Mar-2026 13:02:06 UTC] Array
(
    [^wp-json/?$] => index.php?rest_route=/
    [^wp-json/(.*)?] => index.php?rest_route=/$matches[1]
    [^index.php/wp-json/?$] => index.php?rest_route=/
    [^index.php/wp-json/(.*)?] => index.php?rest_route=/$matches[1]
    [^wp-sitemap\.xml$] => index.php?sitemap=index
    [^wp-sitemap\.xsl$] => index.php?sitemap-stylesheet=sitemap
    [^wp-sitemap-index\.xsl$] => index.php?sitemap-stylesheet=index
    [^wp-sitemap-([a-z]+?)-([a-z\d_-]+?)-(\d+?)\.xml$] => index.php?sitemap=$matches[1]&sitemap-subtype=$matches[2]&paged=$matches[3]
    [^wp-sitemap-([a-z]+?)-(\d+?)\.xml$] => index.php?sitemap=$matches[1]&paged=$matches[2]
    [projecten/?$] => index.php?post_type=project
    [projecten/feed/(feed|rdf|rss|rss2|atom)/?$] => index.php?post_type=project&feed=$matches[1]
    [projecten/(feed|rdf|rss|rss2|atom)/?$] => index.php?post_type=project&feed=$matches[1]
    [projecten/page/([0-9]{1,})/?$] => index.php?post_type=project&paged=$matches[1]
    [category/(.+?)/feed/(feed|rdf|rss|rss2|atom)/?$] => index.php?category_name=$matches[1]&feed=$matches[2]
    [category/(.+?)/(feed|rdf|rss|rss2|atom)/?$] => index.php?category_name=$matches[1]&feed=$matches[2]
    [category/(.+?)/embed/?$] => index.php?category_name=$matches[1]&embed=true
    [category/(.+?)/page/?([0-9]{1,})/?$] => index.php?category_name=$matches[1]&paged=$matches[2]
    [category/(.+?)/?$] => index.php?category_name=$matches[1]
    [tag/([^/]+)/feed/(feed|rdf|rss|rss2|atom)/?$] => index.php?tag=$matches[1]&feed=$matches[2]
    [tag/([^/]+)/(feed|rdf|rss|rss2|atom)/?$] => index.php?tag=$matches[1]&feed=$matches[2]
    [tag/([^/]+)/embed/?$] => index.php?tag=$matches[1]&embed=true
    [tag/([^/]+)/page/?([0-9]{1,})/?$] => index.php?tag=$matches[1]&paged=$matches[2]
    [tag/([^/]+)/?$] => index.php?tag=$matches[1]
    [type/([^/]+)/feed/(feed|rdf|rss|rss2|atom)/?$] => index.php?post_format=$matches[1]&feed=$matches[2]
    [type/([^/]+)/(feed|rdf|rss|rss2|atom)/?$] => index.php?post_format=$matches[1]&feed=$matches[2]
    [type/([^/]+)/embed/?$] => index.php?post_format=$matches[1]&embed=true
    [type/([^/]+)/page/?([0-9]{1,})/?$] => index.php?post_format=$matches[1]&paged=$matches[2]
    [type/([^/]+)/?$] => index.php?post_format=$matches[1]
    [projecten/[^/]+/attachment/([^/]+)/?$] => index.php?attachment=$matches[1]
    [projecten/[^/]+/attachment/([^/]+)/trackback/?$] => index.php?attachment=$matches[1]&tb=1
    [projecten/[^/]+/attachment/([^/]+)/feed/(feed|rdf|rss|rss2|atom)/?$] => index.php?attachment=$matches[1]&feed=$matches[2]
    [projecten/[^/]+/attachment/([^/]+)/(feed|rdf|rss|rss2|atom)/?$] => index.php?attachment=$matches[1]&feed=$matches[2]
    [projecten/[^/]+/attachment/([^/]+)/comment-page-([0-9]{1,})/?$] => index.php?attachment=$matches[1]&cpage=$matches[2]
    [projecten/[^/]+/attachment/([^/]+)/embed/?$] => index.php?attachment=$matches[1]&embed=true
    [projecten/([^/]+)/embed/?$] => index.php?project=$matches[1]&embed=true
    [projecten/([^/]+)/trackback/?$] => index.php?project=$matches[1]&tb=1
    [projecten/([^/]+)/feed/(feed|rdf|rss|rss2|atom)/?$] => index.php?project=$matches[1]&feed=$matches[2]
    [projecten/([^/]+)/(feed|rdf|rss|rss2|atom)/?$] => index.php?project=$matches[1]&feed=$matches[2]
    [projecten/([^/]+)/page/?([0-9]{1,})/?$] => index.php?project=$matches[1]&paged=$matches[2]
    [projecten/([^/]+)/comment-page-([0-9]{1,})/?$] => index.php?project=$matches[1]&cpage=$matches[2]
    [projecten/([^/]+)(?:/([0-9]+))?/?$] => index.php?project=$matches[1]&page=$matches[2]
    [projecten/[^/]+/([^/]+)/?$] => index.php?attachment=$matches[1]
    [projecten/[^/]+/([^/]+)/trackback/?$] => index.php?attachment=$matches[1]&tb=1
    [projecten/[^/]+/([^/]+)/feed/(feed|rdf|rss|rss2|atom)/?$] => index.php?attachment=$matches[1]&feed=$matches[2]
    [projecten/[^/]+/([^/]+)/(feed|rdf|rss|rss2|atom)/?$] => index.php?attachment=$matches[1]&feed=$matches[2]
    [projecten/[^/]+/([^/]+)/comment-page-([0-9]{1,})/?$] => index.php?attachment=$matches[1]&cpage=$matches[2]
    [projecten/[^/]+/([^/]+)/embed/?$] => index.php?attachment=$matches[1]&embed=true
    [.*wp-(atom|rdf|rss|rss2|feed|commentsrss2)\.php$] => index.php?feed=old
    [.*wp-app\.php(/.*)?$] => index.php?error=403
    [.*wp-register.php$] => index.php?register=true
    [feed/(feed|rdf|rss|rss2|atom)/?$] => index.php?&feed=$matches[1]
    [(feed|rdf|rss|rss2|atom)/?$] => index.php?&feed=$matches[1]
    [embed/?$] => index.php?&embed=true
    [page/?([0-9]{1,})/?$] => index.php?&paged=$matches[1]
    [comment-page-([0-9]{1,})/?$] => index.php?&page_id=8&cpage=$matches[1]
    [comments/feed/(feed|rdf|rss|rss2|atom)/?$] => index.php?&feed=$matches[1]&withcomments=1
    [comments/(feed|rdf|rss|rss2|atom)/?$] => index.php?&feed=$matches[1]&withcomments=1
    [comments/embed/?$] => index.php?&embed=true
    [search/(.+)/feed/(feed|rdf|rss|rss2|atom)/?$] => index.php?s=$matches[1]&feed=$matches[2]
    [search/(.+)/(feed|rdf|rss|rss2|atom)/?$] => index.php?s=$matches[1]&feed=$matches[2]
    [search/(.+)/embed/?$] => index.php?s=$matches[1]&embed=true
    [search/(.+)/page/?([0-9]{1,})/?$] => index.php?s=$matches[1]&paged=$matches[2]
    [search/(.+)/?$] => index.php?s=$matches[1]
    [author/([^/]+)/feed/(feed|rdf|rss|rss2|atom)/?$] => index.php?author_name=$matches[1]&feed=$matches[2]
    [author/([^/]+)/(feed|rdf|rss|rss2|atom)/?$] => index.php?author_name=$matches[1]&feed=$matches[2]
    [author/([^/]+)/embed/?$] => index.php?author_name=$matches[1]&embed=true
    [author/([^/]+)/page/?([0-9]{1,})/?$] => index.php?author_name=$matches[1]&paged=$matches[2]
    [author/([^/]+)/?$] => index.php?author_name=$matches[1]
    [([0-9]{4})/([0-9]{1,2})/([0-9]{1,2})/feed/(feed|rdf|rss|rss2|atom)/?$] => index.php?year=$matches[1]&monthnum=$matches[2]&day=$matches[3]&feed=$matches[4]
    [([0-9]{4})/([0-9]{1,2})/([0-9]{1,2})/(feed|rdf|rss|rss2|atom)/?$] => index.php?year=$matches[1]&monthnum=$matches[2]&day=$matches[3]&feed=$matches[4]
    [([0-9]{4})/([0-9]{1,2})/([0-9]{1,2})/embed/?$] => index.php?year=$matches[1]&monthnum=$matches[2]&day=$matches[3]&embed=true
    [([0-9]{4})/([0-9]{1,2})/([0-9]{1,2})/page/?([0-9]{1,})/?$] => index.php?year=$matches[1]&monthnum=$matches[2]&day=$matches[3]&paged=$matches[4]
    [([0-9]{4})/([0-9]{1,2})/([0-9]{1,2})/?$] => index.php?year=$matches[1]&monthnum=$matches[2]&day=$matches[3]
    [([0-9]{4})/([0-9]{1,2})/feed/(feed|rdf|rss|rss2|atom)/?$] => index.php?year=$matches[1]&monthnum=$matches[2]&feed=$matches[3]
    [([0-9]{4})/([0-9]{1,2})/(feed|rdf|rss|rss2|atom)/?$] => index.php?year=$matches[1]&monthnum=$matches[2]&feed=$matches[3]
    [([0-9]{4})/([0-9]{1,2})/embed/?$] => index.php?year=$matches[1]&monthnum=$matches[2]&embed=true
    [([0-9]{4})/([0-9]{1,2})/page/?([0-9]{1,})/?$] => index.php?year=$matches[1]&monthnum=$matches[2]&paged=$matches[3]
    [([0-9]{4})/([0-9]{1,2})/?$] => index.php?year=$matches[1]&monthnum=$matches[2]
    [([0-9]{4})/feed/(feed|rdf|rss|rss2|atom)/?$] => index.php?year=$matches[1]&feed=$matches[2]
    [([0-9]{4})/(feed|rdf|rss|rss2|atom)/?$] => index.php?year=$matches[1]&feed=$matches[2]
    [([0-9]{4})/embed/?$] => index.php?year=$matches[1]&embed=true
    [([0-9]{4})/page/?([0-9]{1,})/?$] => index.php?year=$matches[1]&paged=$matches[2]
    [([0-9]{4})/?$] => index.php?year=$matches[1]
    [.?.+?/attachment/([^/]+)/?$] => index.php?attachment=$matches[1]
    [.?.+?/attachment/([^/]+)/trackback/?$] => index.php?attachment=$matches[1]&tb=1
    [.?.+?/attachment/([^/]+)/feed/(feed|rdf|rss|rss2|atom)/?$] => index.php?attachment=$matches[1]&feed=$matches[2]
    [.?.+?/attachment/([^/]+)/(feed|rdf|rss|rss2|atom)/?$] => index.php?attachment=$matches[1]&feed=$matches[2]
    [.?.+?/attachment/([^/]+)/comment-page-([0-9]{1,})/?$] => index.php?attachment=$matches[1]&cpage=$matches[2]
    [.?.+?/attachment/([^/]+)/embed/?$] => index.php?attachment=$matches[1]&embed=true
    [(.?.+?)/embed/?$] => index.php?pagename=$matches[1]&embed=true
    [(.?.+?)/trackback/?$] => index.php?pagename=$matches[1]&tb=1
    [(.?.+?)/feed/(feed|rdf|rss|rss2|atom)/?$] => index.php?pagename=$matches[1]&feed=$matches[2]
    [(.?.+?)/(feed|rdf|rss|rss2|atom)/?$] => index.php?pagename=$matches[1]&feed=$matches[2]
    [(.?.+?)/page/?([0-9]{1,})/?$] => index.php?pagename=$matches[1]&paged=$matches[2]
    [(.?.+?)/comment-page-([0-9]{1,})/?$] => index.php?pagename=$matches[1]&cpage=$matches[2]
    [(.?.+?)(?:/([0-9]+))?/?$] => index.php?pagename=$matches[1]&page=$matches[2]
    [[^/]+/attachment/([^/]+)/?$] => index.php?attachment=$matches[1]
    [[^/]+/attachment/([^/]+)/trackback/?$] => index.php?attachment=$matches[1]&tb=1
    [[^/]+/attachment/([^/]+)/feed/(feed|rdf|rss|rss2|atom)/?$] => index.php?attachment=$matches[1]&feed=$matches[2]
    [[^/]+/attachment/([^/]+)/(feed|rdf|rss|rss2|atom)/?$] => index.php?attachment=$matches[1]&feed=$matches[2]
    [[^/]+/attachment/([^/]+)/comment-page-([0-9]{1,})/?$] => index.php?attachment=$matches[1]&cpage=$matches[2]
    [[^/]+/attachment/([^/]+)/embed/?$] => index.php?attachment=$matches[1]&embed=true
    [([^/]+)/embed/?$] => index.php?name=$matches[1]&embed=true
    [([^/]+)/trackback/?$] => index.php?name=$matches[1]&tb=1
    [([^/]+)/feed/(feed|rdf|rss|rss2|atom)/?$] => index.php?name=$matches[1]&feed=$matches[2]
    [([^/]+)/(feed|rdf|rss|rss2|atom)/?$] => index.php?name=$matches[1]&feed=$matches[2]
    [([^/]+)/page/?([0-9]{1,})/?$] => index.php?name=$matches[1]&paged=$matches[2]
    [([^/]+)/comment-page-([0-9]{1,})/?$] => index.php?name=$matches[1]&cpage=$matches[2]
    [([^/]+)(?:/([0-9]+))?/?$] => index.php?name=$matches[1]&page=$matches[2]
    [[^/]+/([^/]+)/?$] => index.php?attachment=$matches[1]
    [[^/]+/([^/]+)/trackback/?$] => index.php?attachment=$matches[1]&tb=1
    [[^/]+/([^/]+)/feed/(feed|rdf|rss|rss2|atom)/?$] => index.php?attachment=$matches[1]&feed=$matches[2]
    [[^/]+/([^/]+)/(feed|rdf|rss|rss2|atom)/?$] => index.php?attachment=$matches[1]&feed=$matches[2]
    [[^/]+/([^/]+)/comment-page-([0-9]{1,})/?$] => index.php?attachment=$matches[1]&cpage=$matches[2]
    [[^/]+/([^/]+)/embed/?$] => index.php?attachment=$matches[1]&embed=true
)

[26-Mar-2026 13:02:06 UTC] Page post type rewrite:
[26-Mar-2026 13:02:06 UTC] PHP Warning:  Trying to access array offset on value of type bool in C:\xampp\htdocs\wordpress_community_malik\wp-content\themes\community\functions.php on line 166
[26-Mar-2026 13:02:06 UTC] Page rewrite slug: 
[26-Mar-2026 13:02:06 UTC] Project post type rewrite:
[26-Mar-2026 13:02:06 UTC] Project rewrite slug: projecten
[26-Mar-2026 13:02:08 UTC] Current rewrite rules:
[26-Mar-2026 13:02:08 UTC] Array
(
    [^wp-json/?$] => index.php?rest_route=/
    [^wp-json/(.*)?] => index.php?rest_route=/$matches[1]
    [^index.php/wp-json/?$] => index.php?rest_route=/
    [^index.php/wp-json/(.*)?] => index.php?rest_route=/$matches[1]
    [^wp-sitemap\.xml$] => index.php?sitemap=index
    [^wp-sitemap\.xsl$] => index.php?sitemap-stylesheet=sitemap
    [^wp-sitemap-index\.xsl$] => index.php?sitemap-stylesheet=index
    [^wp-sitemap-([a-z]+?)-([a-z\d_-]+?)-(\d+?)\.xml$] => index.php?sitemap=$matches[1]&sitemap-subtype=$matches[2]&paged=$matches[3]
    [^wp-sitemap-([a-z]+?)-(\d+?)\.xml$] => index.php?sitemap=$matches[1]&paged=$matches[2]
    [projecten/?$] => index.php?post_type=project
    [projecten/feed/(feed|rdf|rss|rss2|atom)/?$] => index.php?post_type=project&feed=$matches[1]
    [projecten/(feed|rdf|rss|rss2|atom)/?$] => index.php?post_type=project&feed=$matches[1]
    [projecten/page/([0-9]{1,})/?$] => index.php?post_type=project&paged=$matches[1]
    [category/(.+?)/feed/(feed|rdf|rss|rss2|atom)/?$] => index.php?category_name=$matches[1]&feed=$matches[2]
    [category/(.+?)/(feed|rdf|rss|rss2|atom)/?$] => index.php?category_name=$matches[1]&feed=$matches[2]
    [category/(.+?)/embed/?$] => index.php?category_name=$matches[1]&embed=true
    [category/(.+?)/page/?([0-9]{1,})/?$] => index.php?category_name=$matches[1]&paged=$matches[2]
    [category/(.+?)/?$] => index.php?category_name=$matches[1]
    [tag/([^/]+)/feed/(feed|rdf|rss|rss2|atom)/?$] => index.php?tag=$matches[1]&feed=$matches[2]
    [tag/([^/]+)/(feed|rdf|rss|rss2|atom)/?$] => index.php?tag=$matches[1]&feed=$matches[2]
    [tag/([^/]+)/embed/?$] => index.php?tag=$matches[1]&embed=true
    [tag/([^/]+)/page/?([0-9]{1,})/?$] => index.php?tag=$matches[1]&paged=$matches[2]
    [tag/([^/]+)/?$] => index.php?tag=$matches[1]
    [type/([^/]+)/feed/(feed|rdf|rss|rss2|atom)/?$] => index.php?post_format=$matches[1]&feed=$matches[2]
    [type/([^/]+)/(feed|rdf|rss|rss2|atom)/?$] => index.php?post_format=$matches[1]&feed=$matches[2]
    [type/([^/]+)/embed/?$] => index.php?post_format=$matches[1]&embed=true
    [type/([^/]+)/page/?([0-9]{1,})/?$] => index.php?post_format=$matches[1]&paged=$matches[2]
    [type/([^/]+)/?$] => index.php?post_format=$matches[1]
    [projecten/[^/]+/attachment/([^/]+)/?$] => index.php?attachment=$matches[1]
    [projecten/[^/]+/attachment/([^/]+)/trackback/?$] => index.php?attachment=$matches[1]&tb=1
    [projecten/[^/]+/attachment/([^/]+)/feed/(feed|rdf|rss|rss2|atom)/?$] => index.php?attachment=$matches[1]&feed=$matches[2]
    [projecten/[^/]+/attachment/([^/]+)/(feed|rdf|rss|rss2|atom)/?$] => index.php?attachment=$matches[1]&feed=$matches[2]
    [projecten/[^/]+/attachment/([^/]+)/comment-page-([0-9]{1,})/?$] => index.php?attachment=$matches[1]&cpage=$matches[2]
    [projecten/[^/]+/attachment/([^/]+)/embed/?$] => index.php?attachment=$matches[1]&embed=true
    [projecten/([^/]+)/embed/?$] => index.php?project=$matches[1]&embed=true
    [projecten/([^/]+)/trackback/?$] => index.php?project=$matches[1]&tb=1
    [projecten/([^/]+)/feed/(feed|rdf|rss|rss2|atom)/?$] => index.php?project=$matches[1]&feed=$matches[2]
    [projecten/([^/]+)/(feed|rdf|rss|rss2|atom)/?$] => index.php?project=$matches[1]&feed=$matches[2]
    [projecten/([^/]+)/page/?([0-9]{1,})/?$] => index.php?project=$matches[1]&paged=$matches[2]
    [projecten/([^/]+)/comment-page-([0-9]{1,})/?$] => index.php?project=$matches[1]&cpage=$matches[2]
    [projecten/([^/]+)(?:/([0-9]+))?/?$] => index.php?project=$matches[1]&page=$matches[2]
    [projecten/[^/]+/([^/]+)/?$] => index.php?attachment=$matches[1]
    [projecten/[^/]+/([^/]+)/trackback/?$] => index.php?attachment=$matches[1]&tb=1
    [projecten/[^/]+/([^/]+)/feed/(feed|rdf|rss|rss2|atom)/?$] => index.php?attachment=$matches[1]&feed=$matches[2]
    [projecten/[^/]+/([^/]+)/(feed|rdf|rss|rss2|atom)/?$] => index.php?attachment=$matches[1]&feed=$matches[2]
    [projecten/[^/]+/([^/]+)/comment-page-([0-9]{1,})/?$] => index.php?attachment=$matches[1]&cpage=$matches[2]
    [projecten/[^/]+/([^/]+)/embed/?$] => index.php?attachment=$matches[1]&embed=true
    [.*wp-(atom|rdf|rss|rss2|feed|commentsrss2)\.php$] => index.php?feed=old
    [.*wp-app\.php(/.*)?$] => index.php?error=403
    [.*wp-register.php$] => index.php?register=true
    [feed/(feed|rdf|rss|rss2|atom)/?$] => index.php?&feed=$matches[1]
    [(feed|rdf|rss|rss2|atom)/?$] => index.php?&feed=$matches[1]
    [embed/?$] => index.php?&embed=true
    [page/?([0-9]{1,})/?$] => index.php?&paged=$matches[1]
    [comment-page-([0-9]{1,})/?$] => index.php?&page_id=8&cpage=$matches[1]
    [comments/feed/(feed|rdf|rss|rss2|atom)/?$] => index.php?&feed=$matches[1]&withcomments=1
    [comments/(feed|rdf|rss|rss2|atom)/?$] => index.php?&feed=$matches[1]&withcomments=1
    [comments/embed/?$] => index.php?&embed=true
    [search/(.+)/feed/(feed|rdf|rss|rss2|atom)/?$] => index.php?s=$matches[1]&feed=$matches[2]
    [search/(.+)/(feed|rdf|rss|rss2|atom)/?$] => index.php?s=$matches[1]&feed=$matches[2]
    [search/(.+)/embed/?$] => index.php?s=$matches[1]&embed=true
    [search/(.+)/page/?([0-9]{1,})/?$] => index.php?s=$matches[1]&paged=$matches[2]
    [search/(.+)/?$] => index.php?s=$matches[1]
    [author/([^/]+)/feed/(feed|rdf|rss|rss2|atom)/?$] => index.php?author_name=$matches[1]&feed=$matches[2]
    [author/([^/]+)/(feed|rdf|rss|rss2|atom)/?$] => index.php?author_name=$matches[1]&feed=$matches[2]
    [author/([^/]+)/embed/?$] => index.php?author_name=$matches[1]&embed=true
    [author/([^/]+)/page/?([0-9]{1,})/?$] => index.php?author_name=$matches[1]&paged=$matches[2]
    [author/([^/]+)/?$] => index.php?author_name=$matches[1]
    [([0-9]{4})/([0-9]{1,2})/([0-9]{1,2})/feed/(feed|rdf|rss|rss2|atom)/?$] => index.php?year=$matches[1]&monthnum=$matches[2]&day=$matches[3]&feed=$matches[4]
    [([0-9]{4})/([0-9]{1,2})/([0-9]{1,2})/(feed|rdf|rss|rss2|atom)/?$] => index.php?year=$matches[1]&monthnum=$matches[2]&day=$matches[3]&feed=$matches[4]
    [([0-9]{4})/([0-9]{1,2})/([0-9]{1,2})/embed/?$] => index.php?year=$matches[1]&monthnum=$matches[2]&day=$matches[3]&embed=true
    [([0-9]{4})/([0-9]{1,2})/([0-9]{1,2})/page/?([0-9]{1,})/?$] => index.php?year=$matches[1]&monthnum=$matches[2]&day=$matches[3]&paged=$matches[4]
    [([0-9]{4})/([0-9]{1,2})/([0-9]{1,2})/?$] => index.php?year=$matches[1]&monthnum=$matches[2]&day=$matches[3]
    [([0-9]{4})/([0-9]{1,2})/feed/(feed|rdf|rss|rss2|atom)/?$] => index.php?year=$matches[1]&monthnum=$matches[2]&feed=$matches[3]
    [([0-9]{4})/([0-9]{1,2})/(feed|rdf|rss|rss2|atom)/?$] => index.php?year=$matches[1]&monthnum=$matches[2]&feed=$matches[3]
    [([0-9]{4})/([0-9]{1,2})/embed/?$] => index.php?year=$matches[1]&monthnum=$matches[2]&embed=true
    [([0-9]{4})/([0-9]{1,2})/page/?([0-9]{1,})/?$] => index.php?year=$matches[1]&monthnum=$matches[2]&paged=$matches[3]
    [([0-9]{4})/([0-9]{1,2})/?$] => index.php?year=$matches[1]&monthnum=$matches[2]
    [([0-9]{4})/feed/(feed|rdf|rss|rss2|atom)/?$] => index.php?year=$matches[1]&feed=$matches[2]
    [([0-9]{4})/(feed|rdf|rss|rss2|atom)/?$] => index.php?year=$matches[1]&feed=$matches[2]
    [([0-9]{4})/embed/?$] => index.php?year=$matches[1]&embed=true
    [([0-9]{4})/page/?([0-9]{1,})/?$] => index.php?year=$matches[1]&paged=$matches[2]
    [([0-9]{4})/?$] => index.php?year=$matches[1]
    [.?.+?/attachment/([^/]+)/?$] => index.php?attachment=$matches[1]
    [.?.+?/attachment/([^/]+)/trackback/?$] => index.php?attachment=$matches[1]&tb=1
    [.?.+?/attachment/([^/]+)/feed/(feed|rdf|rss|rss2|atom)/?$] => index.php?attachment=$matches[1]&feed=$matches[2]
    [.?.+?/attachment/([^/]+)/(feed|rdf|rss|rss2|atom)/?$] => index.php?attachment=$matches[1]&feed=$matches[2]
    [.?.+?/attachment/([^/]+)/comment-page-([0-9]{1,})/?$] => index.php?attachment=$matches[1]&cpage=$matches[2]
    [.?.+?/attachment/([^/]+)/embed/?$] => index.php?attachment=$matches[1]&embed=true
    [(.?.+?)/embed/?$] => index.php?pagename=$matches[1]&embed=true
    [(.?.+?)/trackback/?$] => index.php?pagename=$matches[1]&tb=1
    [(.?.+?)/feed/(feed|rdf|rss|rss2|atom)/?$] => index.php?pagename=$matches[1]&feed=$matches[2]
    [(.?.+?)/(feed|rdf|rss|rss2|atom)/?$] => index.php?pagename=$matches[1]&feed=$matches[2]
    [(.?.+?)/page/?([0-9]{1,})/?$] => index.php?pagename=$matches[1]&paged=$matches[2]
    [(.?.+?)/comment-page-([0-9]{1,})/?$] => index.php?pagename=$matches[1]&cpage=$matches[2]
    [(.?.+?)(?:/([0-9]+))?/?$] => index.php?pagename=$matches[1]&page=$matches[2]
    [[^/]+/attachment/([^/]+)/?$] => index.php?attachment=$matches[1]
    [[^/]+/attachment/([^/]+)/trackback/?$] => index.php?attachment=$matches[1]&tb=1
    [[^/]+/attachment/([^/]+)/feed/(feed|rdf|rss|rss2|atom)/?$] => index.php?attachment=$matches[1]&feed=$matches[2]
    [[^/]+/attachment/([^/]+)/(feed|rdf|rss|rss2|atom)/?$] => index.php?attachment=$matches[1]&feed=$matches[2]
    [[^/]+/attachment/([^/]+)/comment-page-([0-9]{1,})/?$] => index.php?attachment=$matches[1]&cpage=$matches[2]
    [[^/]+/attachment/([^/]+)/embed/?$] => index.php?attachment=$matches[1]&embed=true
    [([^/]+)/embed/?$] => index.php?name=$matches[1]&embed=true
    [([^/]+)/trackback/?$] => index.php?name=$matches[1]&tb=1
    [([^/]+)/feed/(feed|rdf|rss|rss2|atom)/?$] => index.php?name=$matches[1]&feed=$matches[2]
    [([^/]+)/(feed|rdf|rss|rss2|atom)/?$] => index.php?name=$matches[1]&feed=$matches[2]
    [([^/]+)/page/?([0-9]{1,})/?$] => index.php?name=$matches[1]&paged=$matches[2]
    [([^/]+)/comment-page-([0-9]{1,})/?$] => index.php?name=$matches[1]&cpage=$matches[2]
    [([^/]+)(?:/([0-9]+))?/?$] => index.php?name=$matches[1]&page=$matches[2]
    [[^/]+/([^/]+)/?$] => index.php?attachment=$matches[1]
    [[^/]+/([^/]+)/trackback/?$] => index.php?attachment=$matches[1]&tb=1
    [[^/]+/([^/]+)/feed/(feed|rdf|rss|rss2|atom)/?$] => index.php?attachment=$matches[1]&feed=$matches[2]
    [[^/]+/([^/]+)/(feed|rdf|rss|rss2|atom)/?$] => index.php?attachment=$matches[1]&feed=$matches[2]
    [[^/]+/([^/]+)/comment-page-([0-9]{1,})/?$] => index.php?attachment=$matches[1]&cpage=$matches[2]
    [[^/]+/([^/]+)/embed/?$] => index.php?attachment=$matches[1]&embed=true
)

[26-Mar-2026 13:02:08 UTC] Page post type rewrite:
[26-Mar-2026 13:02:08 UTC] PHP Warning:  Trying to access array offset on value of type bool in C:\xampp\htdocs\wordpress_community_malik\wp-content\themes\community\functions.php on line 166
[26-Mar-2026 13:02:08 UTC] Page rewrite slug: 
[26-Mar-2026 13:02:08 UTC] Project post type rewrite:
[26-Mar-2026 13:02:08 UTC] Project rewrite slug: projecten
[26-Mar-2026 13:02:09 UTC] Current rewrite rules:
[26-Mar-2026 13:02:09 UTC] Array
(
    [^wp-json/?$] => index.php?rest_route=/
    [^wp-json/(.*)?] => index.php?rest_route=/$matches[1]
    [^index.php/wp-json/?$] => index.php?rest_route=/
    [^index.php/wp-json/(.*)?] => index.php?rest_route=/$matches[1]
    [^wp-sitemap\.xml$] => index.php?sitemap=index
    [^wp-sitemap\.xsl$] => index.php?sitemap-stylesheet=sitemap
    [^wp-sitemap-index\.xsl$] => index.php?sitemap-stylesheet=index
    [^wp-sitemap-([a-z]+?)-([a-z\d_-]+?)-(\d+?)\.xml$] => index.php?sitemap=$matches[1]&sitemap-subtype=$matches[2]&paged=$matches[3]
    [^wp-sitemap-([a-z]+?)-(\d+?)\.xml$] => index.php?sitemap=$matches[1]&paged=$matches[2]
    [projecten/?$] => index.php?post_type=project
    [projecten/feed/(feed|rdf|rss|rss2|atom)/?$] => index.php?post_type=project&feed=$matches[1]
    [projecten/(feed|rdf|rss|rss2|atom)/?$] => index.php?post_type=project&feed=$matches[1]
    [projecten/page/([0-9]{1,})/?$] => index.php?post_type=project&paged=$matches[1]
    [category/(.+?)/feed/(feed|rdf|rss|rss2|atom)/?$] => index.php?category_name=$matches[1]&feed=$matches[2]
    [category/(.+?)/(feed|rdf|rss|rss2|atom)/?$] => index.php?category_name=$matches[1]&feed=$matches[2]
    [category/(.+?)/embed/?$] => index.php?category_name=$matches[1]&embed=true
    [category/(.+?)/page/?([0-9]{1,})/?$] => index.php?category_name=$matches[1]&paged=$matches[2]
    [category/(.+?)/?$] => index.php?category_name=$matches[1]
    [tag/([^/]+)/feed/(feed|rdf|rss|rss2|atom)/?$] => index.php?tag=$matches[1]&feed=$matches[2]
    [tag/([^/]+)/(feed|rdf|rss|rss2|atom)/?$] => index.php?tag=$matches[1]&feed=$matches[2]
    [tag/([^/]+)/embed/?$] => index.php?tag=$matches[1]&embed=true
    [tag/([^/]+)/page/?([0-9]{1,})/?$] => index.php?tag=$matches[1]&paged=$matches[2]
    [tag/([^/]+)/?$] => index.php?tag=$matches[1]
    [type/([^/]+)/feed/(feed|rdf|rss|rss2|atom)/?$] => index.php?post_format=$matches[1]&feed=$matches[2]
    [type/([^/]+)/(feed|rdf|rss|rss2|atom)/?$] => index.php?post_format=$matches[1]&feed=$matches[2]
    [type/([^/]+)/embed/?$] => index.php?post_format=$matches[1]&embed=true
    [type/([^/]+)/page/?([0-9]{1,})/?$] => index.php?post_format=$matches[1]&paged=$matches[2]
    [type/([^/]+)/?$] => index.php?post_format=$matches[1]
    [projecten/[^/]+/attachment/([^/]+)/?$] => index.php?attachment=$matches[1]
    [projecten/[^/]+/attachment/([^/]+)/trackback/?$] => index.php?attachment=$matches[1]&tb=1
    [projecten/[^/]+/attachment/([^/]+)/feed/(feed|rdf|rss|rss2|atom)/?$] => index.php?attachment=$matches[1]&feed=$matches[2]
    [projecten/[^/]+/attachment/([^/]+)/(feed|rdf|rss|rss2|atom)/?$] => index.php?attachment=$matches[1]&feed=$matches[2]
    [projecten/[^/]+/attachment/([^/]+)/comment-page-([0-9]{1,})/?$] => index.php?attachment=$matches[1]&cpage=$matches[2]
    [projecten/[^/]+/attachment/([^/]+)/embed/?$] => index.php?attachment=$matches[1]&embed=true
    [projecten/([^/]+)/embed/?$] => index.php?project=$matches[1]&embed=true
    [projecten/([^/]+)/trackback/?$] => index.php?project=$matches[1]&tb=1
    [projecten/([^/]+)/feed/(feed|rdf|rss|rss2|atom)/?$] => index.php?project=$matches[1]&feed=$matches[2]
    [projecten/([^/]+)/(feed|rdf|rss|rss2|atom)/?$] => index.php?project=$matches[1]&feed=$matches[2]
    [projecten/([^/]+)/page/?([0-9]{1,})/?$] => index.php?project=$matches[1]&paged=$matches[2]
    [projecten/([^/]+)/comment-page-([0-9]{1,})/?$] => index.php?project=$matches[1]&cpage=$matches[2]
    [projecten/([^/]+)(?:/([0-9]+))?/?$] => index.php?project=$matches[1]&page=$matches[2]
    [projecten/[^/]+/([^/]+)/?$] => index.php?attachment=$matches[1]
    [projecten/[^/]+/([^/]+)/trackback/?$] => index.php?attachment=$matches[1]&tb=1
    [projecten/[^/]+/([^/]+)/feed/(feed|rdf|rss|rss2|atom)/?$] => index.php?attachment=$matches[1]&feed=$matches[2]
    [projecten/[^/]+/([^/]+)/(feed|rdf|rss|rss2|atom)/?$] => index.php?attachment=$matches[1]&feed=$matches[2]
    [projecten/[^/]+/([^/]+)/comment-page-([0-9]{1,})/?$] => index.php?attachment=$matches[1]&cpage=$matches[2]
    [projecten/[^/]+/([^/]+)/embed/?$] => index.php?attachment=$matches[1]&embed=true
    [.*wp-(atom|rdf|rss|rss2|feed|commentsrss2)\.php$] => index.php?feed=old
    [.*wp-app\.php(/.*)?$] => index.php?error=403
    [.*wp-register.php$] => index.php?register=true
    [feed/(feed|rdf|rss|rss2|atom)/?$] => index.php?&feed=$matches[1]
    [(feed|rdf|rss|rss2|atom)/?$] => index.php?&feed=$matches[1]
    [embed/?$] => index.php?&embed=true
    [page/?([0-9]{1,})/?$] => index.php?&paged=$matches[1]
    [comment-page-([0-9]{1,})/?$] => index.php?&page_id=8&cpage=$matches[1]
    [comments/feed/(feed|rdf|rss|rss2|atom)/?$] => index.php?&feed=$matches[1]&withcomments=1
    [comments/(feed|rdf|rss|rss2|atom)/?$] => index.php?&feed=$matches[1]&withcomments=1
    [comments/embed/?$] => index.php?&embed=true
    [search/(.+)/feed/(feed|rdf|rss|rss2|atom)/?$] => index.php?s=$matches[1]&feed=$matches[2]
    [search/(.+)/(feed|rdf|rss|rss2|atom)/?$] => index.php?s=$matches[1]&feed=$matches[2]
    [search/(.+)/embed/?$] => index.php?s=$matches[1]&embed=true
    [search/(.+)/page/?([0-9]{1,})/?$] => index.php?s=$matches[1]&paged=$matches[2]
    [search/(.+)/?$] => index.php?s=$matches[1]
    [author/([^/]+)/feed/(feed|rdf|rss|rss2|atom)/?$] => index.php?author_name=$matches[1]&feed=$matches[2]
    [author/([^/]+)/(feed|rdf|rss|rss2|atom)/?$] => index.php?author_name=$matches[1]&feed=$matches[2]
    [author/([^/]+)/embed/?$] => index.php?author_name=$matches[1]&embed=true
    [author/([^/]+)/page/?([0-9]{1,})/?$] => index.php?author_name=$matches[1]&paged=$matches[2]
    [author/([^/]+)/?$] => index.php?author_name=$matches[1]
    [([0-9]{4})/([0-9]{1,2})/([0-9]{1,2})/feed/(feed|rdf|rss|rss2|atom)/?$] => index.php?year=$matches[1]&monthnum=$matches[2]&day=$matches[3]&feed=$matches[4]
    [([0-9]{4})/([0-9]{1,2})/([0-9]{1,2})/(feed|rdf|rss|rss2|atom)/?$] => index.php?year=$matches[1]&monthnum=$matches[2]&day=$matches[3]&feed=$matches[4]
    [([0-9]{4})/([0-9]{1,2})/([0-9]{1,2})/embed/?$] => index.php?year=$matches[1]&monthnum=$matches[2]&day=$matches[3]&embed=true
    [([0-9]{4})/([0-9]{1,2})/([0-9]{1,2})/page/?([0-9]{1,})/?$] => index.php?year=$matches[1]&monthnum=$matches[2]&day=$matches[3]&paged=$matches[4]
    [([0-9]{4})/([0-9]{1,2})/([0-9]{1,2})/?$] => index.php?year=$matches[1]&monthnum=$matches[2]&day=$matches[3]
    [([0-9]{4})/([0-9]{1,2})/feed/(feed|rdf|rss|rss2|atom)/?$] => index.php?year=$matches[1]&monthnum=$matches[2]&feed=$matches[3]
    [([0-9]{4})/([0-9]{1,2})/(feed|rdf|rss|rss2|atom)/?$] => index.php?year=$matches[1]&monthnum=$matches[2]&feed=$matches[3]
    [([0-9]{4})/([0-9]{1,2})/embed/?$] => index.php?year=$matches[1]&monthnum=$matches[2]&embed=true
    [([0-9]{4})/([0-9]{1,2})/page/?([0-9]{1,})/?$] => index.php?year=$matches[1]&monthnum=$matches[2]&paged=$matches[3]
    [([0-9]{4})/([0-9]{1,2})/?$] => index.php?year=$matches[1]&monthnum=$matches[2]
    [([0-9]{4})/feed/(feed|rdf|rss|rss2|atom)/?$] => index.php?year=$matches[1]&feed=$matches[2]
    [([0-9]{4})/(feed|rdf|rss|rss2|atom)/?$] => index.php?year=$matches[1]&feed=$matches[2]
    [([0-9]{4})/embed/?$] => index.php?year=$matches[1]&embed=true
    [([0-9]{4})/page/?([0-9]{1,})/?$] => index.php?year=$matches[1]&paged=$matches[2]
    [([0-9]{4})/?$] => index.php?year=$matches[1]
    [.?.+?/attachment/([^/]+)/?$] => index.php?attachment=$matches[1]
    [.?.+?/attachment/([^/]+)/trackback/?$] => index.php?attachment=$matches[1]&tb=1
    [.?.+?/attachment/([^/]+)/feed/(feed|rdf|rss|rss2|atom)/?$] => index.php?attachment=$matches[1]&feed=$matches[2]
    [.?.+?/attachment/([^/]+)/(feed|rdf|rss|rss2|atom)/?$] => index.php?attachment=$matches[1]&feed=$matches[2]
    [.?.+?/attachment/([^/]+)/comment-page-([0-9]{1,})/?$] => index.php?attachment=$matches[1]&cpage=$matches[2]
    [.?.+?/attachment/([^/]+)/embed/?$] => index.php?attachment=$matches[1]&embed=true
    [(.?.+?)/embed/?$] => index.php?pagename=$matches[1]&embed=true
    [(.?.+?)/trackback/?$] => index.php?pagename=$matches[1]&tb=1
    [(.?.+?)/feed/(feed|rdf|rss|rss2|atom)/?$] => index.php?pagename=$matches[1]&feed=$matches[2]
    [(.?.+?)/(feed|rdf|rss|rss2|atom)/?$] => index.php?pagename=$matches[1]&feed=$matches[2]
    [(.?.+?)/page/?([0-9]{1,})/?$] => index.php?pagename=$matches[1]&paged=$matches[2]
    [(.?.+?)/comment-page-([0-9]{1,})/?$] => index.php?pagename=$matches[1]&cpage=$matches[2]
    [(.?.+?)(?:/([0-9]+))?/?$] => index.php?pagename=$matches[1]&page=$matches[2]
    [[^/]+/attachment/([^/]+)/?$] => index.php?attachment=$matches[1]
    [[^/]+/attachment/([^/]+)/trackback/?$] => index.php?attachment=$matches[1]&tb=1
    [[^/]+/attachment/([^/]+)/feed/(feed|rdf|rss|rss2|atom)/?$] => index.php?attachment=$matches[1]&feed=$matches[2]
    [[^/]+/attachment/([^/]+)/(feed|rdf|rss|rss2|atom)/?$] => index.php?attachment=$matches[1]&feed=$matches[2]
    [[^/]+/attachment/([^/]+)/comment-page-([0-9]{1,})/?$] => index.php?attachment=$matches[1]&cpage=$matches[2]
    [[^/]+/attachment/([^/]+)/embed/?$] => index.php?attachment=$matches[1]&embed=true
    [([^/]+)/embed/?$] => index.php?name=$matches[1]&embed=true
    [([^/]+)/trackback/?$] => index.php?name=$matches[1]&tb=1
    [([^/]+)/feed/(feed|rdf|rss|rss2|atom)/?$] => index.php?name=$matches[1]&feed=$matches[2]
    [([^/]+)/(feed|rdf|rss|rss2|atom)/?$] => index.php?name=$matches[1]&feed=$matches[2]
    [([^/]+)/page/?([0-9]{1,})/?$] => index.php?name=$matches[1]&paged=$matches[2]
    [([^/]+)/comment-page-([0-9]{1,})/?$] => index.php?name=$matches[1]&cpage=$matches[2]
    [([^/]+)(?:/([0-9]+))?/?$] => index.php?name=$matches[1]&page=$matches[2]
    [[^/]+/([^/]+)/?$] => index.php?attachment=$matches[1]
    [[^/]+/([^/]+)/trackback/?$] => index.php?attachment=$matches[1]&tb=1
    [[^/]+/([^/]+)/feed/(feed|rdf|rss|rss2|atom)/?$] => index.php?attachment=$matches[1]&feed=$matches[2]
    [[^/]+/([^/]+)/(feed|rdf|rss|rss2|atom)/?$] => index.php?attachment=$matches[1]&feed=$matches[2]
    [[^/]+/([^/]+)/comment-page-([0-9]{1,})/?$] => index.php?attachment=$matches[1]&cpage=$matches[2]
    [[^/]+/([^/]+)/embed/?$] => index.php?attachment=$matches[1]&embed=true
)

[26-Mar-2026 13:02:09 UTC] Page post type rewrite:
[26-Mar-2026 13:02:09 UTC] PHP Warning:  Trying to access array offset on value of type bool in C:\xampp\htdocs\wordpress_community_malik\wp-content\themes\community\functions.php on line 166
[26-Mar-2026 13:02:09 UTC] Page rewrite slug: 
[26-Mar-2026 13:02:09 UTC] Project post type rewrite:
[26-Mar-2026 13:02:09 UTC] Project rewrite slug: projecten
[26-Mar-2026 13:02:19 UTC] Current rewrite rules:
[26-Mar-2026 13:02:19 UTC] Array
(
    [^wp-json/?$] => index.php?rest_route=/
    [^wp-json/(.*)?] => index.php?rest_route=/$matches[1]
    [^index.php/wp-json/?$] => index.php?rest_route=/
    [^index.php/wp-json/(.*)?] => index.php?rest_route=/$matches[1]
    [^wp-sitemap\.xml$] => index.php?sitemap=index
    [^wp-sitemap\.xsl$] => index.php?sitemap-stylesheet=sitemap
    [^wp-sitemap-index\.xsl$] => index.php?sitemap-stylesheet=index
    [^wp-sitemap-([a-z]+?)-([a-z\d_-]+?)-(\d+?)\.xml$] => index.php?sitemap=$matches[1]&sitemap-subtype=$matches[2]&paged=$matches[3]
    [^wp-sitemap-([a-z]+?)-(\d+?)\.xml$] => index.php?sitemap=$matches[1]&paged=$matches[2]
    [projecten/?$] => index.php?post_type=project
    [projecten/feed/(feed|rdf|rss|rss2|atom)/?$] => index.php?post_type=project&feed=$matches[1]
    [projecten/(feed|rdf|rss|rss2|atom)/?$] => index.php?post_type=project&feed=$matches[1]
    [projecten/page/([0-9]{1,})/?$] => index.php?post_type=project&paged=$matches[1]
    [category/(.+?)/feed/(feed|rdf|rss|rss2|atom)/?$] => index.php?category_name=$matches[1]&feed=$matches[2]
    [category/(.+?)/(feed|rdf|rss|rss2|atom)/?$] => index.php?category_name=$matches[1]&feed=$matches[2]
    [category/(.+?)/embed/?$] => index.php?category_name=$matches[1]&embed=true
    [category/(.+?)/page/?([0-9]{1,})/?$] => index.php?category_name=$matches[1]&paged=$matches[2]
    [category/(.+?)/?$] => index.php?category_name=$matches[1]
    [tag/([^/]+)/feed/(feed|rdf|rss|rss2|atom)/?$] => index.php?tag=$matches[1]&feed=$matches[2]
    [tag/([^/]+)/(feed|rdf|rss|rss2|atom)/?$] => index.php?tag=$matches[1]&feed=$matches[2]
    [tag/([^/]+)/embed/?$] => index.php?tag=$matches[1]&embed=true
    [tag/([^/]+)/page/?([0-9]{1,})/?$] => index.php?tag=$matches[1]&paged=$matches[2]
    [tag/([^/]+)/?$] => index.php?tag=$matches[1]
    [type/([^/]+)/feed/(feed|rdf|rss|rss2|atom)/?$] => index.php?post_format=$matches[1]&feed=$matches[2]
    [type/([^/]+)/(feed|rdf|rss|rss2|atom)/?$] => index.php?post_format=$matches[1]&feed=$matches[2]
    [type/([^/]+)/embed/?$] => index.php?post_format=$matches[1]&embed=true
    [type/([^/]+)/page/?([0-9]{1,})/?$] => index.php?post_format=$matches[1]&paged=$matches[2]
    [type/([^/]+)/?$] => index.php?post_format=$matches[1]
    [projecten/[^/]+/attachment/([^/]+)/?$] => index.php?attachment=$matches[1]
    [projecten/[^/]+/attachment/([^/]+)/trackback/?$] => index.php?attachment=$matches[1]&tb=1
    [projecten/[^/]+/attachment/([^/]+)/feed/(feed|rdf|rss|rss2|atom)/?$] => index.php?attachment=$matches[1]&feed=$matches[2]
    [projecten/[^/]+/attachment/([^/]+)/(feed|rdf|rss|rss2|atom)/?$] => index.php?attachment=$matches[1]&feed=$matches[2]
    [projecten/[^/]+/attachment/([^/]+)/comment-page-([0-9]{1,})/?$] => index.php?attachment=$matches[1]&cpage=$matches[2]
    [projecten/[^/]+/attachment/([^/]+)/embed/?$] => index.php?attachment=$matches[1]&embed=true
    [projecten/([^/]+)/embed/?$] => index.php?project=$matches[1]&embed=true
    [projecten/([^/]+)/trackback/?$] => index.php?project=$matches[1]&tb=1
    [projecten/([^/]+)/feed/(feed|rdf|rss|rss2|atom)/?$] => index.php?project=$matches[1]&feed=$matches[2]
    [projecten/([^/]+)/(feed|rdf|rss|rss2|atom)/?$] => index.php?project=$matches[1]&feed=$matches[2]
    [projecten/([^/]+)/page/?([0-9]{1,})/?$] => index.php?project=$matches[1]&paged=$matches[2]
    [projecten/([^/]+)/comment-page-([0-9]{1,})/?$] => index.php?project=$matches[1]&cpage=$matches[2]
    [projecten/([^/]+)(?:/([0-9]+))?/?$] => index.php?project=$matches[1]&page=$matches[2]
    [projecten/[^/]+/([^/]+)/?$] => index.php?attachment=$matches[1]
    [projecten/[^/]+/([^/]+)/trackback/?$] => index.php?attachment=$matches[1]&tb=1
    [projecten/[^/]+/([^/]+)/feed/(feed|rdf|rss|rss2|atom)/?$] => index.php?attachment=$matches[1]&feed=$matches[2]
    [projecten/[^/]+/([^/]+)/(feed|rdf|rss|rss2|atom)/?$] => index.php?attachment=$matches[1]&feed=$matches[2]
    [projecten/[^/]+/([^/]+)/comment-page-([0-9]{1,})/?$] => index.php?attachment=$matches[1]&cpage=$matches[2]
    [projecten/[^/]+/([^/]+)/embed/?$] => index.php?attachment=$matches[1]&embed=true
    [.*wp-(atom|rdf|rss|rss2|feed|commentsrss2)\.php$] => index.php?feed=old
    [.*wp-app\.php(/.*)?$] => index.php?error=403
    [.*wp-register.php$] => index.php?register=true
    [feed/(feed|rdf|rss|rss2|atom)/?$] => index.php?&feed=$matches[1]
    [(feed|rdf|rss|rss2|atom)/?$] => index.php?&feed=$matches[1]
    [embed/?$] => index.php?&embed=true
    [page/?([0-9]{1,})/?$] => index.php?&paged=$matches[1]
    [comment-page-([0-9]{1,})/?$] => index.php?&page_id=8&cpage=$matches[1]
    [comments/feed/(feed|rdf|rss|rss2|atom)/?$] => index.php?&feed=$matches[1]&withcomments=1
    [comments/(feed|rdf|rss|rss2|atom)/?$] => index.php?&feed=$matches[1]&withcomments=1
    [comments/embed/?$] => index.php?&embed=true
    [search/(.+)/feed/(feed|rdf|rss|rss2|atom)/?$] => index.php?s=$matches[1]&feed=$matches[2]
    [search/(.+)/(feed|rdf|rss|rss2|atom)/?$] => index.php?s=$matches[1]&feed=$matches[2]
    [search/(.+)/embed/?$] => index.php?s=$matches[1]&embed=true
    [search/(.+)/page/?([0-9]{1,})/?$] => index.php?s=$matches[1]&paged=$matches[2]
    [search/(.+)/?$] => index.php?s=$matches[1]
    [author/([^/]+)/feed/(feed|rdf|rss|rss2|atom)/?$] => index.php?author_name=$matches[1]&feed=$matches[2]
    [author/([^/]+)/(feed|rdf|rss|rss2|atom)/?$] => index.php?author_name=$matches[1]&feed=$matches[2]
    [author/([^/]+)/embed/?$] => index.php?author_name=$matches[1]&embed=true
    [author/([^/]+)/page/?([0-9]{1,})/?$] => index.php?author_name=$matches[1]&paged=$matches[2]
    [author/([^/]+)/?$] => index.php?author_name=$matches[1]
    [([0-9]{4})/([0-9]{1,2})/([0-9]{1,2})/feed/(feed|rdf|rss|rss2|atom)/?$] => index.php?year=$matches[1]&monthnum=$matches[2]&day=$matches[3]&feed=$matches[4]
    [([0-9]{4})/([0-9]{1,2})/([0-9]{1,2})/(feed|rdf|rss|rss2|atom)/?$] => index.php?year=$matches[1]&monthnum=$matches[2]&day=$matches[3]&feed=$matches[4]
    [([0-9]{4})/([0-9]{1,2})/([0-9]{1,2})/embed/?$] => index.php?year=$matches[1]&monthnum=$matches[2]&day=$matches[3]&embed=true
    [([0-9]{4})/([0-9]{1,2})/([0-9]{1,2})/page/?([0-9]{1,})/?$] => index.php?year=$matches[1]&monthnum=$matches[2]&day=$matches[3]&paged=$matches[4]
    [([0-9]{4})/([0-9]{1,2})/([0-9]{1,2})/?$] => index.php?year=$matches[1]&monthnum=$matches[2]&day=$matches[3]
    [([0-9]{4})/([0-9]{1,2})/feed/(feed|rdf|rss|rss2|atom)/?$] => index.php?year=$matches[1]&monthnum=$matches[2]&feed=$matches[3]
    [([0-9]{4})/([0-9]{1,2})/(feed|rdf|rss|rss2|atom)/?$] => index.php?year=$matches[1]&monthnum=$matches[2]&feed=$matches[3]
    [([0-9]{4})/([0-9]{1,2})/embed/?$] => index.php?year=$matches[1]&monthnum=$matches[2]&embed=true
    [([0-9]{4})/([0-9]{1,2})/page/?([0-9]{1,})/?$] => index.php?year=$matches[1]&monthnum=$matches[2]&paged=$matches[3]
    [([0-9]{4})/([0-9]{1,2})/?$] => index.php?year=$matches[1]&monthnum=$matches[2]
    [([0-9]{4})/feed/(feed|rdf|rss|rss2|atom)/?$] => index.php?year=$matches[1]&feed=$matches[2]
    [([0-9]{4})/(feed|rdf|rss|rss2|atom)/?$] => index.php?year=$matches[1]&feed=$matches[2]
    [([0-9]{4})/embed/?$] => index.php?year=$matches[1]&embed=true
    [([0-9]{4})/page/?([0-9]{1,})/?$] => index.php?year=$matches[1]&paged=$matches[2]
    [([0-9]{4})/?$] => index.php?year=$matches[1]
    [.?.+?/attachment/([^/]+)/?$] => index.php?attachment=$matches[1]
    [.?.+?/attachment/([^/]+)/trackback/?$] => index.php?attachment=$matches[1]&tb=1
    [.?.+?/attachment/([^/]+)/feed/(feed|rdf|rss|rss2|atom)/?$] => index.php?attachment=$matches[1]&feed=$matches[2]
    [.?.+?/attachment/([^/]+)/(feed|rdf|rss|rss2|atom)/?$] => index.php?attachment=$matches[1]&feed=$matches[2]
    [.?.+?/attachment/([^/]+)/comment-page-([0-9]{1,})/?$] => index.php?attachment=$matches[1]&cpage=$matches[2]
    [.?.+?/attachment/([^/]+)/embed/?$] => index.php?attachment=$matches[1]&embed=true
    [(.?.+?)/embed/?$] => index.php?pagename=$matches[1]&embed=true
    [(.?.+?)/trackback/?$] => index.php?pagename=$matches[1]&tb=1
    [(.?.+?)/feed/(feed|rdf|rss|rss2|atom)/?$] => index.php?pagename=$matches[1]&feed=$matches[2]
    [(.?.+?)/(feed|rdf|rss|rss2|atom)/?$] => index.php?pagename=$matches[1]&feed=$matches[2]
    [(.?.+?)/page/?([0-9]{1,})/?$] => index.php?pagename=$matches[1]&paged=$matches[2]
    [(.?.+?)/comment-page-([0-9]{1,})/?$] => index.php?pagename=$matches[1]&cpage=$matches[2]
    [(.?.+?)(?:/([0-9]+))?/?$] => index.php?pagename=$matches[1]&page=$matches[2]
    [[^/]+/attachment/([^/]+)/?$] => index.php?attachment=$matches[1]
    [[^/]+/attachment/([^/]+)/trackback/?$] => index.php?attachment=$matches[1]&tb=1
    [[^/]+/attachment/([^/]+)/feed/(feed|rdf|rss|rss2|atom)/?$] => index.php?attachment=$matches[1]&feed=$matches[2]
    [[^/]+/attachment/([^/]+)/(feed|rdf|rss|rss2|atom)/?$] => index.php?attachment=$matches[1]&feed=$matches[2]
    [[^/]+/attachment/([^/]+)/comment-page-([0-9]{1,})/?$] => index.php?attachment=$matches[1]&cpage=$matches[2]
    [[^/]+/attachment/([^/]+)/embed/?$] => index.php?attachment=$matches[1]&embed=true
    [([^/]+)/embed/?$] => index.php?name=$matches[1]&embed=true
    [([^/]+)/trackback/?$] => index.php?name=$matches[1]&tb=1
    [([^/]+)/feed/(feed|rdf|rss|rss2|atom)/?$] => index.php?name=$matches[1]&feed=$matches[2]
    [([^/]+)/(feed|rdf|rss|rss2|atom)/?$] => index.php?name=$matches[1]&feed=$matches[2]
    [([^/]+)/page/?([0-9]{1,})/?$] => index.php?name=$matches[1]&paged=$matches[2]
    [([^/]+)/comment-page-([0-9]{1,})/?$] => index.php?name=$matches[1]&cpage=$matches[2]
    [([^/]+)(?:/([0-9]+))?/?$] => index.php?name=$matches[1]&page=$matches[2]
    [[^/]+/([^/]+)/?$] => index.php?attachment=$matches[1]
    [[^/]+/([^/]+)/trackback/?$] => index.php?attachment=$matches[1]&tb=1
    [[^/]+/([^/]+)/feed/(feed|rdf|rss|rss2|atom)/?$] => index.php?attachment=$matches[1]&feed=$matches[2]
    [[^/]+/([^/]+)/(feed|rdf|rss|rss2|atom)/?$] => index.php?attachment=$matches[1]&feed=$matches[2]
    [[^/]+/([^/]+)/comment-page-([0-9]{1,})/?$] => index.php?attachment=$matches[1]&cpage=$matches[2]
    [[^/]+/([^/]+)/embed/?$] => index.php?attachment=$matches[1]&embed=true
)

[26-Mar-2026 13:02:19 UTC] Page post type rewrite:
[26-Mar-2026 13:02:19 UTC] PHP Warning:  Trying to access array offset on value of type bool in C:\xampp\htdocs\wordpress_community_malik\wp-content\themes\community\functions.php on line 166
[26-Mar-2026 13:02:19 UTC] Page rewrite slug: 
[26-Mar-2026 13:02:19 UTC] Project post type rewrite:
[26-Mar-2026 13:02:19 UTC] Project rewrite slug: projecten
[26-Mar-2026 13:04:22 UTC] PHP Parse error:  Unmatched '}' in C:\xampp\htdocs\wordpress_community_malik\wp-content\themes\community\functions.php on line 183
[26-Mar-2026 13:04:22 UTC] PHP Notice:  Functie _load_textdomain_just_in_time werd <strong>verkeerd</strong> aangeroepen. Vertaling laden voor het <code>software-syndicate</code> domein werd te vroeg geactiveerd. Dit is meestal een aanwijzing dat er wat code in de plugin of het thema te vroeg tegenkomt. Vertalingen moeten worden geladen bij de <code>init</code> actie of later. Lees <a href="https://developer.wordpress.org/advanced-administration/debug/debug-wordpress/">Foutopsporing in WordPress</a> voor meer informatie. (Dit bericht is toegevoegd in versie 6.7.0.) in C:\xampp\htdocs\wordpress_community_malik\wp-includes\functions.php on line 6131
[26-Mar-2026 13:04:22 UTC] PHP Warning:  Trying to access array offset on value of type bool in C:\xampp\htdocs\wordpress_community_malik\wp-includes\class-wp-recovery-mode-email-service.php on line 367
[26-Mar-2026 13:04:22 UTC] PHP Warning:  Trying to access array offset on value of type bool in C:\xampp\htdocs\wordpress_community_malik\wp-includes\class-wp-recovery-mode-email-service.php on line 368
[26-Mar-2026 13:04:29 UTC] PHP Parse error:  Unmatched '}' in C:\xampp\htdocs\wordpress_community_malik\wp-content\themes\community\functions.php on line 183
[26-Mar-2026 13:04:35 UTC] PHP Fatal error:  Cannot redeclare software_syndicate_flush_rewrite_rules() (previously declared in C:\xampp\htdocs\wordpress_community_malik\wp-content\themes\community\functions.php:104) in C:\xampp\htdocs\wordpress_community_malik\wp-content\themes\community\functions.php on line 161
